#
# There is insufficient memory for the Java Runtime Environment to continue.
# Native memory allocation (mmap) failed to map 298319872 bytes for committing reserved memory.
# Possible reasons:
#   The system is out of physical RAM or swap space
#   In 32 bit mode, the process size limit was hit
# Possible solutions:
#   Reduce memory load on the system
#   Increase physical memory or swap space
#   Check if swap backing store is full
#   Use 64 bit Java on a 64 bit OS
#   Decrease Java heap size (-Xmx/-Xms)
#   Decrease number of Java threads
#   Decrease Java thread stack sizes (-Xss)
#   Set larger code cache with -XX:ReservedCodeCacheSize=
# This output file may be truncated or incomplete.
#
#  Out of Memory Error (os_linux.cpp:2627), pid=13981, tid=0x00007f7ff8cfc700
#
# JRE version: Java(TM) SE Runtime Environment (8.0_101-b13) (build 1.8.0_101-b13)
# Java VM: Java HotSpot(TM) 64-Bit Server VM (25.101-b13 mixed mode linux-amd64 compressed oops)
# Failed to write core dump. Core dumps have been disabled. To enable core dumping, try "ulimit -c unlimited" before starting Java again
#

---------------  T H R E A D  ---------------

Current thread (0x00007f8010074000):  VMThread [stack: 0x00007f7ff8bfc000,0x00007f7ff8cfd000] [id=13989]

Stack: [0x00007f7ff8bfc000,0x00007f7ff8cfd000],  sp=0x00007f7ff8cfafa0,  free space=1019k
Native frames: (J=compiled Java code, j=interpreted, Vv=VM code, C=native code)
V  [libjvm.so+0xac3f0a]  VMError::report_and_die()+0x2ba
V  [libjvm.so+0x4fbf9b]  report_vm_out_of_memory(char const*, int, unsigned long, VMErrorType, char const*)+0x8b
V  [libjvm.so+0x9222d3]  os::Linux::commit_memory_impl(char*, unsigned long, bool)+0x103
V  [libjvm.so+0x922829]  os::pd_commit_memory(char*, unsigned long, unsigned long, bool)+0x29
V  [libjvm.so+0x91cb2a]  os::commit_memory(char*, unsigned long, unsigned long, bool)+0x2a
V  [libjvm.so+0x991053]  PSVirtualSpace::expand_by(unsigned long)+0x53
V  [libjvm.so+0x992458]  PSYoungGen::resize_generation(unsigned long, unsigned long)+0xf8
V  [libjvm.so+0x9915b2]  PSYoungGen::resize(unsigned long, unsigned long)+0x22
V  [libjvm.so+0x98e88b]  PSScavenge::invoke_no_policy()+0xf3b
V  [libjvm.so+0x98f011]  PSScavenge::invoke()+0x41
V  [libjvm.so+0x945fc0]  ParallelScavengeHeap::failed_mem_allocate(unsigned long)+0x70
V  [libjvm.so+0xac5927]  VM_ParallelGCFailedAllocation::doit()+0x97
V  [libjvm.so+0xacd405]  VM_Operation::evaluate()+0x55
V  [libjvm.so+0xacb7da]  VMThread::evaluate_operation(VM_Operation*)+0xba
V  [libjvm.so+0xacbb5e]  VMThread::loop()+0x1ce
V  [libjvm.so+0xacbfd0]  VMThread::run()+0x70
V  [libjvm.so+0x924698]  java_start(Thread*)+0x108

VM_Operation (0x00007f7fcbdfc0e0): ParallelGCFailedAllocation, mode: safepoint, requested by thread 0x00007f801016f800


---------------  P R O C E S S  ---------------

Java Threads: ( => current thread )
  0x00007f8010171800 JavaThread "pool-2-thread-4" [_thread_blocked, id=14001, stack(0x00007f7fcbbfc000,0x00007f7fcbcfd000)]
  0x00007f801016f800 JavaThread "pool-2-thread-3" [_thread_blocked, id=14000, stack(0x00007f7fcbcfd000,0x00007f7fcbdfe000)]
  0x00007f801016d800 JavaThread "pool-2-thread-2" [_thread_blocked, id=13999, stack(0x00007f7fcbdfe000,0x00007f7fcbeff000)]
  0x00007f801016c800 JavaThread "pool-3-thread-1" [_thread_blocked, id=13998, stack(0x00007f7fcbeff000,0x00007f7fcc000000)]
  0x00007f801016a800 JavaThread "pool-2-thread-1" [_thread_blocked, id=13997, stack(0x00007f7ff806e000,0x00007f7ff816f000)]
  0x00007f80100ba800 JavaThread "Service Thread" daemon [_thread_blocked, id=13995, stack(0x00007f7ff8329000,0x00007f7ff842a000)]
  0x00007f80100b7800 JavaThread "C1 CompilerThread1" daemon [_thread_blocked, id=13994, stack(0x00007f7ff842a000,0x00007f7ff852b000)]
  0x00007f80100b4800 JavaThread "C2 CompilerThread0" daemon [_thread_blocked, id=13993, stack(0x00007f7ff852b000,0x00007f7ff862c000)]
  0x00007f80100b3000 JavaThread "Signal Dispatcher" daemon [_thread_blocked, id=13992, stack(0x00007f7ff862c000,0x00007f7ff872d000)]
  0x00007f8010080000 JavaThread "Finalizer" daemon [_thread_blocked, id=13991, stack(0x00007f7ff89fa000,0x00007f7ff8afb000)]
  0x00007f801007b800 JavaThread "Reference Handler" daemon [_thread_blocked, id=13990, stack(0x00007f7ff8afb000,0x00007f7ff8bfc000)]
  0x00007f801000a000 JavaThread "main" [_thread_blocked, id=13986, stack(0x00007f8019b68000,0x00007f8019c69000)]

Other Threads:
=>0x00007f8010074000 VMThread [stack: 0x00007f7ff8bfc000,0x00007f7ff8cfd000] [id=13989]
  0x00007f80100bd800 WatcherThread [stack: 0x00007f7ff8228000,0x00007f7ff8329000] [id=13996]

VM state:at safepoint (normal execution)

VM Mutex/Monitor currently owned by a thread:  ([mutex/lock_event])
[0x00007f8010006590] Threads_lock - owner thread: 0x00007f8010074000
[0x00007f8010006a90] Heap_lock - owner thread: 0x00007f801016f800

Heap:
 PSYoungGen      total 802816K, used 139237K [0x000000076ab00000, 0x00000007a4300000, 0x00000007c0000000)
  eden space 663552K, 0% used [0x000000076ab00000,0x000000076ab00000,0x0000000793300000)
  from space 139264K, 99% used [0x0000000793300000,0x000000079baf9678,0x000000079bb00000)
  to   space 118784K, 0% used [0x000000079cf00000,0x000000079cf00000,0x00000007a4300000)
 ParOldGen       total 475648K, used 356305K [0x00000006c0000000, 0x00000006dd080000, 0x000000076ab00000)
  object space 475648K, 74% used [0x00000006c0000000,0x00000006d5bf46c0,0x00000006dd080000)
 Metaspace       used 6586K, capacity 7320K, committed 7680K, reserved 1056768K
  class space    used 617K, capacity 656K, committed 768K, reserved 1048576K

Card table byte_map: [0x00007f8016116000,0x00007f8016917000] byte_map_base: 0x00007f8012b16000

Marking Bits: (ParMarkBitMap*) 0x00007f8019039120
 Begin Bits: [0x00007f7ff9000000, 0x00007f7ffd000000)
 End Bits:   [0x00007f7ffd000000, 0x00007f8001000000)

Polling page: 0x00007f8019c88000

CodeCache: size=245760Kb used=12596Kb max_used=12607Kb free=233164Kb
 bounds [0x00007f8001000000, 0x00007f8001cc0000, 0x00007f8010000000]
 total_blobs=2753 nmethods=2485 adapters=182
 compilation: enabled

Compilation events (10 events):
Event: 43.200 Thread 0x00007f80100b7800 3077       3       com.android.dx.ssa.back.FirstFitLocalCombiningAllocator$1::visitPhiInsn (6 bytes)
Event: 43.201 Thread 0x00007f80100b7800 nmethod 3077 0x00007f8001300910 code [0x00007f8001300a80, 0x00007f8001300c08]
Event: 43.203 Thread 0x00007f80100b4800 nmethod 3066% 0x00007f800153b090 code [0x00007f800153b220, 0x00007f800153b758]
Event: 43.203 Thread 0x00007f80100b4800 3079       4       com.android.dx.ssa.LiteralOpUpgrader$1::visitNonMoveInsn (203 bytes)
Event: 43.209 Thread 0x00007f80100b7800 3078       3       com.android.dx.ssa.ConstCollector$2::map (28 bytes)
Event: 43.209 Thread 0x00007f80100b7800 nmethod 3078 0x00007f800126c1d0 code [0x00007f800126c340, 0x00007f800126c768]
Event: 43.238 Thread 0x00007f80100b4800 nmethod 3079 0x00007f80018b3810 code [0x00007f80018b3c20, 0x00007f80018b4d50]
Event: 43.238 Thread 0x00007f80100b4800 3080       4       com.android.dx.ssa.InterferenceRegisterMapper::interferes (78 bytes)
Event: 43.242 Thread 0x00007f80100b4800 nmethod 3080 0x00007f80015e8a10 code [0x00007f80015e8ba0, 0x00007f80015e8f68]
Event: 43.242 Thread 0x00007f80100b4800 3075 %     4       com.android.dx.ssa.back.FirstFitLocalCombiningAllocator::processPhiInsn @ 88 (255 bytes)

GC Heap History (10 events):
Event: 8.899 GC heap after
Heap after GC invocations=11 (full 1):
 PSYoungGen      total 661504K, used 92652K [0x000000076ab00000, 0x000000079f400000, 0x00000007c0000000)
  eden space 568832K, 0% used [0x000000076ab00000,0x000000076ab00000,0x000000078d680000)
  from space 92672K, 99% used [0x0000000795000000,0x000000079aa7b3b8,0x000000079aa80000)
  to   space 124416K, 0% used [0x000000078d680000,0x000000078d680000,0x0000000795000000)
 ParOldGen       total 162304K, used 162077K [0x00000006c0000000, 0x00000006c9e80000, 0x000000076ab00000)
  object space 162304K, 99% used [0x00000006c0000000,0x00000006c9e477c8,0x00000006c9e80000)
 Metaspace       used 6548K, capacity 7320K, committed 7680K, reserved 1056768K
  class space    used 616K, capacity 656K, committed 768K, reserved 1048576K
}
Event: 8.899 GC heap before
{Heap before GC invocations=12 (full 2):
 PSYoungGen      total 661504K, used 92652K [0x000000076ab00000, 0x000000079f400000, 0x00000007c0000000)
  eden space 568832K, 0% used [0x000000076ab00000,0x000000076ab00000,0x000000078d680000)
  from space 92672K, 99% used [0x0000000795000000,0x000000079aa7b3b8,0x000000079aa80000)
  to   space 124416K, 0% used [0x000000078d680000,0x000000078d680000,0x0000000795000000)
 ParOldGen       total 162304K, used 162077K [0x00000006c0000000, 0x00000006c9e80000, 0x000000076ab00000)
  object space 162304K, 99% used [0x00000006c0000000,0x00000006c9e477c8,0x00000006c9e80000)
 Metaspace       used 6548K, capacity 7320K, committed 7680K, reserved 1056768K
  class space    used 616K, capacity 656K, committed 768K, reserved 1048576K
Event: 10.008 GC heap after
Heap after GC invocations=12 (full 2):
 PSYoungGen      total 661504K, used 86222K [0x000000076ab00000, 0x000000079f400000, 0x00000007c0000000)
  eden space 568832K, 0% used [0x000000076ab00000,0x000000076ab00000,0x000000078d680000)
  from space 92672K, 93% used [0x0000000795000000,0x000000079a4338a0,0x000000079aa80000)
  to   space 124416K, 0% used [0x000000078d680000,0x000000078d680000,0x0000000795000000)
 ParOldGen       total 288768K, used 162019K [0x00000006c0000000, 0x00000006d1a00000, 0x000000076ab00000)
  object space 288768K, 56% used [0x00000006c0000000,0x00000006c9e38e98,0x00000006d1a00000)
 Metaspace       used 6548K, capacity 7320K, committed 7680K, reserved 1056768K
  class space    used 616K, capacity 656K, committed 768K, reserved 1048576K
}
Event: 11.699 GC heap before
{Heap before GC invocations=13 (full 2):
 PSYoungGen      total 661504K, used 655054K [0x000000076ab00000, 0x000000079f400000, 0x00000007c0000000)
  eden space 568832K, 100% used [0x000000076ab00000,0x000000078d680000,0x000000078d680000)
  from space 92672K, 93% used [0x0000000795000000,0x000000079a4338a0,0x000000079aa80000)
  to   space 124416K, 0% used [0x000000078d680000,0x000000078d680000,0x0000000795000000)
 ParOldGen       total 288768K, used 162019K [0x00000006c0000000, 0x00000006d1a00000, 0x000000076ab00000)
  object space 288768K, 56% used [0x00000006c0000000,0x00000006c9e38e98,0x00000006d1a00000)
 Metaspace       used 6577K, capacity 7320K, committed 7680K, reserved 1056768K
  class space    used 616K, capacity 656K, committed 768K, reserved 1048576K
Event: 12.038 GC heap after
Heap after GC invocations=13 (full 2):
 PSYoungGen      total 693248K, used 69341K [0x000000076ab00000, 0x00000007a4a80000, 0x00000007c0000000)
  eden space 568832K, 0% used [0x000000076ab00000,0x000000076ab00000,0x000000078d680000)
  from space 124416K, 55% used [0x000000078d680000,0x0000000791a377c0,0x0000000795000000)
  to   space 126464K, 0% used [0x000000079cf00000,0x000000079cf00000,0x00000007a4a80000)
 ParOldGen       total 288768K, used 247575K [0x00000006c0000000, 0x00000006d1a00000, 0x000000076ab00000)
  object space 288768K, 85% used [0x00000006c0000000,0x00000006cf1c5c78,0x00000006d1a00000)
 Metaspace       used 6577K, capacity 7320K, committed 7680K, reserved 1056768K
  class space    used 616K, capacity 656K, committed 768K, reserved 1048576K
}
Event: 12.038 GC heap before
{Heap before GC invocations=14 (full 3):
 PSYoungGen      total 693248K, used 69341K [0x000000076ab00000, 0x00000007a4a80000, 0x00000007c0000000)
  eden space 568832K, 0% used [0x000000076ab00000,0x000000076ab00000,0x000000078d680000)
  from space 124416K, 55% used [0x000000078d680000,0x0000000791a377c0,0x0000000795000000)
  to   space 126464K, 0% used [0x000000079cf00000,0x000000079cf00000,0x00000007a4a80000)
 ParOldGen       total 288768K, used 247575K [0x00000006c0000000, 0x00000006d1a00000, 0x000000076ab00000)
  object space 288768K, 85% used [0x00000006c0000000,0x00000006cf1c5c78,0x00000006d1a00000)
 Metaspace       used 6577K, capacity 7320K, committed 7680K, reserved 1056768K
  class space    used 616K, capacity 656K, committed 768K, reserved 1048576K
Event: 16.261 GC heap after
Heap after GC invocations=14 (full 3):
 PSYoungGen      total 693248K, used 23072K [0x000000076ab00000, 0x00000007a4a80000, 0x00000007c0000000)
  eden space 568832K, 0% used [0x000000076ab00000,0x000000076ab00000,0x000000078d680000)
  from space 124416K, 18% used [0x000000078d680000,0x000000078ed08110,0x0000000795000000)
  to   space 126464K, 0% used [0x000000079cf00000,0x000000079cf00000,0x00000007a4a80000)
 ParOldGen       total 475648K, used 288508K [0x00000006c0000000, 0x00000006dd080000, 0x000000076ab00000)
  object space 475648K, 60% used [0x00000006c0000000,0x00000006d19bf070,0x00000006dd080000)
 Metaspace       used 6577K, capacity 7320K, committed 7680K, reserved 1056768K
  class space    used 616K, capacity 656K, committed 768K, reserved 1048576K
}
Event: 23.630 GC heap before
{Heap before GC invocations=15 (full 3):
 PSYoungGen      total 693248K, used 591904K [0x000000076ab00000, 0x00000007a4a80000, 0x00000007c0000000)
  eden space 568832K, 100% used [0x000000076ab00000,0x000000078d680000,0x000000078d680000)
  from space 124416K, 18% used [0x000000078d680000,0x000000078ed08110,0x0000000795000000)
  to   space 126464K, 0% used [0x000000079cf00000,0x000000079cf00000,0x00000007a4a80000)
 ParOldGen       total 475648K, used 288508K [0x00000006c0000000, 0x00000006dd080000, 0x000000076ab00000)
  object space 475648K, 60% used [0x00000006c0000000,0x00000006d19bf070,0x00000006dd080000)
 Metaspace       used 6581K, capacity 7320K, committed 7680K, reserved 1056768K
  class space    used 616K, capacity 656K, committed 768K, reserved 1048576K
Event: 26.704 GC heap after
Heap after GC invocations=15 (full 3):
 PSYoungGen      total 782336K, used 102707K [0x000000076ab00000, 0x00000007a4300000, 0x00000007c0000000)
  eden space 663552K, 0% used [0x000000076ab00000,0x000000076ab00000,0x0000000793300000)
  from space 118784K, 86% used [0x000000079cf00000,0x00000007a334ce98,0x00000007a4300000)
  to   space 139264K, 0% used [0x0000000793300000,0x0000000793300000,0x000000079bb00000)
 ParOldGen       total 475648K, used 288508K [0x00000006c0000000, 0x00000006dd080000, 0x000000076ab00000)
  object space 475648K, 60% used [0x00000006c0000000,0x00000006d19bf070,0x00000006dd080000)
 Metaspace       used 6581K, capacity 7320K, committed 7680K, reserved 1056768K
  class space    used 616K, capacity 656K, committed 768K, reserved 1048576K
}
Event: 43.359 GC heap before
{Heap before GC invocations=16 (full 3):
 PSYoungGen      total 782336K, used 766259K [0x000000076ab00000, 0x00000007a4300000, 0x00000007c0000000)
  eden space 663552K, 100% used [0x000000076ab00000,0x0000000793300000,0x0000000793300000)
  from space 118784K, 86% used [0x000000079cf00000,0x00000007a334ce98,0x00000007a4300000)
  to   space 139264K, 0% used [0x0000000793300000,0x0000000793300000,0x000000079bb00000)
 ParOldGen       total 475648K, used 288508K [0x00000006c0000000, 0x00000006dd080000, 0x000000076ab00000)
  object space 475648K, 60% used [0x00000006c0000000,0x00000006d19bf070,0x00000006dd080000)
 Metaspace       used 6586K, capacity 7320K, committed 7680K, reserved 1056768K
  class space    used 617K, capacity 656K, committed 768K, reserved 1048576K

Deoptimization events (10 events):
Event: 39.752 Thread 0x00007f801016d800 Uncommon trap: reason=bimorphic action=maybe_recompile pc=0x00007f8001754428 method=com.android.dx.ssa.LiteralOpUpgrader.tryReplacingWithConstant(Lcom/android/dx/ssa/NormalSsaInsn;)Z @ 62
Event: 39.752 Thread 0x00007f801016d800 Uncommon trap: reason=bimorphic action=maybe_recompile pc=0x00007f8001754428 method=com.android.dx.ssa.LiteralOpUpgrader.tryReplacingWithConstant(Lcom/android/dx/ssa/NormalSsaInsn;)Z @ 62
Event: 39.752 Thread 0x00007f801016d800 Uncommon trap: reason=bimorphic action=maybe_recompile pc=0x00007f8001754428 method=com.android.dx.ssa.LiteralOpUpgrader.tryReplacingWithConstant(Lcom/android/dx/ssa/NormalSsaInsn;)Z @ 62
Event: 39.752 Thread 0x00007f801016d800 Uncommon trap: reason=bimorphic action=maybe_recompile pc=0x00007f8001754428 method=com.android.dx.ssa.LiteralOpUpgrader.tryReplacingWithConstant(Lcom/android/dx/ssa/NormalSsaInsn;)Z @ 62
Event: 40.662 Thread 0x00007f801016a800 Uncommon trap: reason=unstable_if action=reinterpret pc=0x00007f800171b558 method=com.android.dx.cf.code.RopperMachine.updateReturnOp(Lcom/android/dx/rop/code/Rop;Lcom/android/dx/rop/code/SourcePosition;)V @ 106
Event: 41.293 Thread 0x00007f801016f800 Uncommon trap: reason=unstable_if action=reinterpret pc=0x00007f800147ec48 method=java.util.HashMap$TreeNode.find(ILjava/lang/Object;Ljava/lang/Class;)Ljava/util/HashMap$TreeNode; @ 58
Event: 42.935 Thread 0x00007f801016f800 Uncommon trap: reason=class_check action=maybe_recompile pc=0x00007f8001b0b9d4 method=com.android.dx.ssa.SCCP.simulateBranch(Lcom/android/dx/ssa/SsaInsn;)V @ 339
Event: 42.935 Thread 0x00007f801016f800 Uncommon trap: reason=unstable_if action=reinterpret pc=0x00007f8001578048 method=com.android.dx.ssa.InterferenceRegisterMapper.interferes(III)Z @ 69
Event: 42.948 Thread 0x00007f801016f800 Uncommon trap: reason=class_check action=maybe_recompile pc=0x00007f8001b0b9d4 method=com.android.dx.ssa.SCCP.simulateBranch(Lcom/android/dx/ssa/SsaInsn;)V @ 339
Event: 43.156 Thread 0x00007f801016f800 Uncommon trap: reason=unstable_if action=reinterpret pc=0x00007f80011d32d4 method=com.android.dx.ssa.LiteralOpUpgrader$1.visitNonMoveInsn(Lcom/android/dx/ssa/NormalSsaInsn;)V @ 24

Internal exceptions (7 events):
Event: 0.030 Thread 0x00007f801000a000 Exception <a 'java/lang/NoSuchMethodError': Method sun.misc.Unsafe.defineClass(Ljava/lang/String;[BII)Ljava/lang/Class; name or signature does not match> (0x000000076ab07cc0) thrown at [/HUDSON3/workspace/8-2-build-linux-amd64/jdk8u101/7261/hotspot/src/sh
Event: 0.030 Thread 0x00007f801000a000 Exception <a 'java/lang/NoSuchMethodError': Method sun.misc.Unsafe.prefetchRead(Ljava/lang/Object;J)V name or signature does not match> (0x000000076ab07fa8) thrown at [/HUDSON3/workspace/8-2-build-linux-amd64/jdk8u101/7261/hotspot/src/share/vm/prims/jni.c
Event: 1.180 Thread 0x00007f801016f800 Implicit null exception at 0x00007f80012f3cfa to 0x00007f80012f6015
Event: 1.571 Thread 0x00007f8010171800 Exception <a 'java/lang/ArrayIndexOutOfBoundsException': 18> (0x000000076c3185d8) thrown at [/HUDSON3/workspace/8-2-build-linux-amd64/jdk8u101/7261/hotspot/src/share/vm/interpreter/interpreterRuntime.cpp, line 366]
Event: 1.571 Thread 0x00007f8010171800 Exception <a 'java/lang/ArrayIndexOutOfBoundsException': 145> (0x000000076c31a158) thrown at [/HUDSON3/workspace/8-2-build-linux-amd64/jdk8u101/7261/hotspot/src/share/vm/interpreter/interpreterRuntime.cpp, line 366]
Event: 1.571 Thread 0x00007f8010171800 Exception <a 'java/lang/ArrayIndexOutOfBoundsException': 40> (0x000000076c31b440) thrown at [/HUDSON3/workspace/8-2-build-linux-amd64/jdk8u101/7261/hotspot/src/share/vm/interpreter/interpreterRuntime.cpp, line 366]
Event: 6.120 Thread 0x00007f801016f800 Implicit null exception at 0x00007f80018b58de to 0x00007f80018b91a5

Events (10 events):
Event: 42.948 Thread 0x00007f801016f800 DEOPT PACKING pc=0x00007f8001b0b9d4 sp=0x00007f7fcbdfbf20
Event: 42.948 Thread 0x00007f801016f800 DEOPT UNPACKING pc=0x00007f8001005229 sp=0x00007f7fcbdfbf28 mode 2
Event: 43.156 Thread 0x00007f801016f800 Uncommon trap: trap_request=0xffffff65 fr.pc=0x00007f80011d32d4
Event: 43.156 Thread 0x00007f801016f800 DEOPT PACKING pc=0x00007f80011d32d4 sp=0x00007f7fcbdfc0b0
Event: 43.156 Thread 0x00007f801016f800 DEOPT UNPACKING pc=0x00007f8001005229 sp=0x00007f7fcbdfc080 mode 2
Event: 43.163 Thread 0x00007f801016d800 DEOPT PACKING pc=0x00007f80011b2729 sp=0x00007f7fcbefcff0
Event: 43.163 Thread 0x00007f801016d800 DEOPT UNPACKING pc=0x00007f8001047233 sp=0x00007f7fcbefcda0 mode 0
Event: 43.206 Thread 0x00007f801016a800 DEOPT PACKING pc=0x00007f80011b2729 sp=0x00007f7ff816ccf0
Event: 43.206 Thread 0x00007f801016a800 DEOPT UNPACKING pc=0x00007f8001047233 sp=0x00007f7ff816caa0 mode 0
Event: 43.356 Executing VM operation: ParallelGCFailedAllocation


Dynamic libraries:
00400000-00401000 r-xp 00000000 08:01 26871996                           /usr/lib/jvm/java-8-oracle/bin/java
00600000-00601000 rw-p 00000000 08:01 26871996                           /usr/lib/jvm/java-8-oracle/bin/java
01f2a000-01f6c000 rw-p 00000000 00:00 0                                  [heap]
6c0000000-6dd080000 rw-p 00000000 00:00 0 
6dd080000-76ab00000 ---p 00000000 00:00 0 
76ab00000-7a4300000 rw-p 00000000 00:00 0 
7b5f80000-7c0000000 ---p 00000000 00:00 0 
7c0000000-7c00c0000 rw-p 00000000 00:00 0 
7c00c0000-800000000 ---p 00000000 00:00 0 
7f7fbc000000-7f7fbc021000 rw-p 00000000 00:00 0 
7f7fbc021000-7f7fc0000000 ---p 00000000 00:00 0 
7f7fc0000000-7f7fc002e000 rw-p 00000000 00:00 0 
7f7fc002e000-7f7fc4000000 ---p 00000000 00:00 0 
7f7fc4000000-7f7fc4021000 rw-p 00000000 00:00 0 
7f7fc4021000-7f7fc8000000 ---p 00000000 00:00 0 
7f7fcbbfc000-7f7fcbbff000 ---p 00000000 00:00 0 
7f7fcbbff000-7f7fcbcfd000 rw-p 00000000 00:00 0                          [stack:14001]
7f7fcbcfd000-7f7fcbd00000 ---p 00000000 00:00 0 
7f7fcbd00000-7f7fcbdfe000 rw-p 00000000 00:00 0                          [stack:14000]
7f7fcbdfe000-7f7fcbe01000 ---p 00000000 00:00 0 
7f7fcbe01000-7f7fcbeff000 rw-p 00000000 00:00 0                          [stack:13999]
7f7fcbeff000-7f7fcbf02000 ---p 00000000 00:00 0 
7f7fcbf02000-7f7fcc000000 rw-p 00000000 00:00 0                          [stack:13998]
7f7fcc000000-7f7fcc021000 rw-p 00000000 00:00 0 
7f7fcc021000-7f7fd0000000 ---p 00000000 00:00 0 
7f7fd0000000-7f7fd0021000 rw-p 00000000 00:00 0 
7f7fd0021000-7f7fd4000000 ---p 00000000 00:00 0 
7f7fd4000000-7f7fd4835000 rw-p 00000000 00:00 0 
7f7fd4835000-7f7fd8000000 ---p 00000000 00:00 0 
7f7fd8000000-7f7fd8021000 rw-p 00000000 00:00 0 
7f7fd8021000-7f7fdc000000 ---p 00000000 00:00 0 
7f7fdc000000-7f7fdc021000 rw-p 00000000 00:00 0 
7f7fdc021000-7f7fe0000000 ---p 00000000 00:00 0 
7f7fe0000000-7f7fe236d000 rw-p 00000000 00:00 0 
7f7fe236d000-7f7fe4000000 ---p 00000000 00:00 0 
7f7fe4000000-7f7fe4021000 rw-p 00000000 00:00 0 
7f7fe4021000-7f7fe8000000 ---p 00000000 00:00 0 
7f7fe8000000-7f7fe8021000 rw-p 00000000 00:00 0 
7f7fe8021000-7f7fec000000 ---p 00000000 00:00 0 
7f7fec000000-7f7fec021000 rw-p 00000000 00:00 0 
7f7fec021000-7f7ff0000000 ---p 00000000 00:00 0 
7f7ff0000000-7f7ff028e000 rw-p 00000000 00:00 0 
7f7ff028e000-7f7ff4000000 ---p 00000000 00:00 0 
7f7ff4000000-7f7ff4021000 rw-p 00000000 00:00 0 
7f7ff4021000-7f7ff8000000 ---p 00000000 00:00 0 
7f7ff806e000-7f7ff8071000 ---p 00000000 00:00 0 
7f7ff8071000-7f7ff816f000 rw-p 00000000 00:00 0                          [stack:13997]
7f7ff816f000-7f7ff8228000 r--s 008f0000 08:01 29754866                   /home/sysadmin/AndroidStudioProjects/Power2SME/app/build/intermediates/transforms/jarMerging/debug/jars/1/1f/combined.jar
7f7ff8228000-7f7ff8229000 ---p 00000000 00:00 0 
7f7ff8229000-7f7ff8329000 rw-p 00000000 00:00 0                          [stack:13996]
7f7ff8329000-7f7ff832c000 ---p 00000000 00:00 0 
7f7ff832c000-7f7ff842a000 rw-p 00000000 00:00 0                          [stack:13995]
7f7ff842a000-7f7ff842d000 ---p 00000000 00:00 0 
7f7ff842d000-7f7ff852b000 rw-p 00000000 00:00 0                          [stack:13994]
7f7ff852b000-7f7ff852e000 ---p 00000000 00:00 0 
7f7ff852e000-7f7ff862c000 rw-p 00000000 00:00 0                          [stack:13993]
7f7ff862c000-7f7ff862f000 ---p 00000000 00:00 0 
7f7ff862f000-7f7ff872d000 rw-p 00000000 00:00 0                          [stack:13992]
7f7ff872d000-7f7ff89fa000 r--p 00000000 08:01 25690234                   /usr/lib/locale/locale-archive
7f7ff89fa000-7f7ff89fd000 ---p 00000000 00:00 0 
7f7ff89fd000-7f7ff8afb000 rw-p 00000000 00:00 0                          [stack:13991]
7f7ff8afb000-7f7ff8afe000 ---p 00000000 00:00 0 
7f7ff8afe000-7f7ff8bfc000 rw-p 00000000 00:00 0                          [stack:13990]
7f7ff8bfc000-7f7ff8bfd000 ---p 00000000 00:00 0 
7f7ff8bfd000-7f8001000000 rw-p 00000000 00:00 0                          [stack:13989]
7f8001000000-7f8001cc0000 rwxp 00000000 00:00 0 
7f8001cc0000-7f8010000000 ---p 00000000 00:00 0 
7f8010000000-7f8010398000 rw-p 00000000 00:00 0 
7f8010398000-7f8014000000 ---p 00000000 00:00 0 
7f80140b7000-7f801476f000 rw-p 00000000 00:00 0 
7f801476f000-7f8014948000 r--s 03d29000 08:01 27407945                   /usr/lib/jvm/java-8-oracle/jre/lib/rt.jar
7f8014948000-7f801507e000 rw-p 00000000 00:00 0 
7f801507e000-7f80151be000 ---p 00000000 00:00 0 
7f80151be000-7f80159be000 rw-p 00000000 00:00 0 
7f80159be000-7f80159bf000 ---p 00000000 00:00 0 
7f80159bf000-7f8015abf000 rw-p 00000000 00:00 0                          [stack:13988]
7f8015abf000-7f8015ac0000 ---p 00000000 00:00 0 
7f8015ac0000-7f8015ca9000 rw-p 00000000 00:00 0                          [stack:13987]
7f8015ca9000-7f8016116000 ---p 00000000 00:00 0 
7f8016116000-7f80161ff000 rw-p 00000000 00:00 0 
7f80161ff000-7f801666b000 ---p 00000000 00:00 0 
7f801666b000-7f8016838000 rw-p 00000000 00:00 0 
7f8016838000-7f8016916000 ---p 00000000 00:00 0 
7f8016916000-7f801694a000 rw-p 00000000 00:00 0 
7f801694a000-7f8016cd7000 ---p 00000000 00:00 0 
7f8016cd7000-7f8016cf1000 r-xp 00000000 08:01 27531318                   /usr/lib/jvm/java-8-oracle/jre/lib/amd64/libzip.so
7f8016cf1000-7f8016ef1000 ---p 0001a000 08:01 27531318                   /usr/lib/jvm/java-8-oracle/jre/lib/amd64/libzip.so
7f8016ef1000-7f8016ef2000 rw-p 0001a000 08:01 27531318                   /usr/lib/jvm/java-8-oracle/jre/lib/amd64/libzip.so
7f8016ef2000-7f8016efc000 r-xp 00000000 08:01 13111191                   /lib/x86_64-linux-gnu/libnss_files-2.21.so
7f8016efc000-7f80170fc000 ---p 0000a000 08:01 13111191                   /lib/x86_64-linux-gnu/libnss_files-2.21.so
7f80170fc000-7f80170fd000 r--p 0000a000 08:01 13111191                   /lib/x86_64-linux-gnu/libnss_files-2.21.so
7f80170fd000-7f80170fe000 rw-p 0000b000 08:01 13111191                   /lib/x86_64-linux-gnu/libnss_files-2.21.so
7f80170fe000-7f8017109000 r-xp 00000000 08:01 13113483                   /lib/x86_64-linux-gnu/libnss_nis-2.21.so
7f8017109000-7f8017308000 ---p 0000b000 08:01 13113483                   /lib/x86_64-linux-gnu/libnss_nis-2.21.so
7f8017308000-7f8017309000 r--p 0000a000 08:01 13113483                   /lib/x86_64-linux-gnu/libnss_nis-2.21.so
7f8017309000-7f801730a000 rw-p 0000b000 08:01 13113483                   /lib/x86_64-linux-gnu/libnss_nis-2.21.so
7f801730a000-7f8017321000 r-xp 00000000 08:01 13113493                   /lib/x86_64-linux-gnu/libnsl-2.21.so
7f8017321000-7f8017520000 ---p 00017000 08:01 13113493                   /lib/x86_64-linux-gnu/libnsl-2.21.so
7f8017520000-7f8017521000 r--p 00016000 08:01 13113493                   /lib/x86_64-linux-gnu/libnsl-2.21.so
7f8017521000-7f8017522000 rw-p 00017000 08:01 13113493                   /lib/x86_64-linux-gnu/libnsl-2.21.so
7f8017522000-7f8017524000 rw-p 00000000 00:00 0 
7f8017524000-7f801752c000 r-xp 00000000 08:01 13111335                   /lib/x86_64-linux-gnu/libnss_compat-2.21.so
7f801752c000-7f801772b000 ---p 00008000 08:01 13111335                   /lib/x86_64-linux-gnu/libnss_compat-2.21.so
7f801772b000-7f801772c000 r--p 00007000 08:01 13111335                   /lib/x86_64-linux-gnu/libnss_compat-2.21.so
7f801772c000-7f801772d000 rw-p 00008000 08:01 13111335                   /lib/x86_64-linux-gnu/libnss_compat-2.21.so
7f801772d000-7f8017757000 r-xp 00000000 08:01 27531344                   /usr/lib/jvm/java-8-oracle/jre/lib/amd64/libjava.so
7f8017757000-7f8017957000 ---p 0002a000 08:01 27531344                   /usr/lib/jvm/java-8-oracle/jre/lib/amd64/libjava.so
7f8017957000-7f8017959000 rw-p 0002a000 08:01 27531344                   /usr/lib/jvm/java-8-oracle/jre/lib/amd64/libjava.so
7f8017959000-7f8017966000 r-xp 00000000 08:01 27531298                   /usr/lib/jvm/java-8-oracle/jre/lib/amd64/libverify.so
7f8017966000-7f8017b66000 ---p 0000d000 08:01 27531298                   /usr/lib/jvm/java-8-oracle/jre/lib/amd64/libverify.so
7f8017b66000-7f8017b68000 rw-p 0000d000 08:01 27531298                   /usr/lib/jvm/java-8-oracle/jre/lib/amd64/libverify.so
7f8017b68000-7f8017b6f000 r-xp 00000000 08:01 13111329                   /lib/x86_64-linux-gnu/librt-2.21.so
7f8017b6f000-7f8017d6e000 ---p 00007000 08:01 13111329                   /lib/x86_64-linux-gnu/librt-2.21.so
7f8017d6e000-7f8017d6f000 r--p 00006000 08:01 13111329                   /lib/x86_64-linux-gnu/librt-2.21.so
7f8017d6f000-7f8017d70000 rw-p 00007000 08:01 13111329                   /lib/x86_64-linux-gnu/librt-2.21.so
7f8017d70000-7f8017e77000 r-xp 00000000 08:01 13111340                   /lib/x86_64-linux-gnu/libm-2.21.so
7f8017e77000-7f8018076000 ---p 00107000 08:01 13111340                   /lib/x86_64-linux-gnu/libm-2.21.so
7f8018076000-7f8018077000 r--p 00106000 08:01 13111340                   /lib/x86_64-linux-gnu/libm-2.21.so
7f8018077000-7f8018078000 rw-p 00107000 08:01 13111340                   /lib/x86_64-linux-gnu/libm-2.21.so
7f8018078000-7f8018d43000 r-xp 00000000 08:01 27531348                   /usr/lib/jvm/java-8-oracle/jre/lib/amd64/server/libjvm.so
7f8018d43000-7f8018f42000 ---p 00ccb000 08:01 27531348                   /usr/lib/jvm/java-8-oracle/jre/lib/amd64/server/libjvm.so
7f8018f42000-7f801901b000 rw-p 00cca000 08:01 27531348                   /usr/lib/jvm/java-8-oracle/jre/lib/amd64/server/libjvm.so
7f801901b000-7f8019066000 rw-p 00000000 00:00 0 
7f8019066000-7f8019226000 r-xp 00000000 08:01 13113497                   /lib/x86_64-linux-gnu/libc-2.21.so
7f8019226000-7f8019426000 ---p 001c0000 08:01 13113497                   /lib/x86_64-linux-gnu/libc-2.21.so
7f8019426000-7f801942a000 r--p 001c0000 08:01 13113497                   /lib/x86_64-linux-gnu/libc-2.21.so
7f801942a000-7f801942c000 rw-p 001c4000 08:01 13113497                   /lib/x86_64-linux-gnu/libc-2.21.so
7f801942c000-7f8019430000 rw-p 00000000 00:00 0 
7f8019430000-7f8019433000 r-xp 00000000 08:01 13111362                   /lib/x86_64-linux-gnu/libdl-2.21.so
7f8019433000-7f8019632000 ---p 00003000 08:01 13111362                   /lib/x86_64-linux-gnu/libdl-2.21.so
7f8019632000-7f8019633000 r--p 00002000 08:01 13111362                   /lib/x86_64-linux-gnu/libdl-2.21.so
7f8019633000-7f8019634000 rw-p 00003000 08:01 13111362                   /lib/x86_64-linux-gnu/libdl-2.21.so
7f8019634000-7f8019649000 r-xp 00000000 08:01 26871443                   /usr/lib/jvm/java-8-oracle/lib/amd64/jli/libjli.so
7f8019649000-7f8019849000 ---p 00015000 08:01 26871443                   /usr/lib/jvm/java-8-oracle/lib/amd64/jli/libjli.so
7f8019849000-7f801984a000 rw-p 00015000 08:01 26871443                   /usr/lib/jvm/java-8-oracle/lib/amd64/jli/libjli.so
7f801984a000-7f8019862000 r-xp 00000000 08:01 13111350                   /lib/x86_64-linux-gnu/libpthread-2.21.so
7f8019862000-7f8019a62000 ---p 00018000 08:01 13111350                   /lib/x86_64-linux-gnu/libpthread-2.21.so
7f8019a62000-7f8019a63000 r--p 00018000 08:01 13111350                   /lib/x86_64-linux-gnu/libpthread-2.21.so
7f8019a63000-7f8019a64000 rw-p 00019000 08:01 13111350                   /lib/x86_64-linux-gnu/libpthread-2.21.so
7f8019a64000-7f8019a68000 rw-p 00000000 00:00 0 
7f8019a68000-7f8019a8c000 r-xp 00000000 08:01 13113495                   /lib/x86_64-linux-gnu/ld-2.21.so
7f8019a95000-7f8019b68000 rw-p 00000000 00:00 0 
7f8019b68000-7f8019b6b000 ---p 00000000 00:00 0 
7f8019b6b000-7f8019c6d000 rw-p 00000000 00:00 0                          [stack:13986]
7f8019c6f000-7f8019c70000 rw-p 00000000 00:00 0 
7f8019c70000-7f8019c7f000 r--s 000df000 08:01 19662142                   /home/sysadmin/Android/Sdk/build-tools/23.0.3/lib/dx.jar
7f8019c7f000-7f8019c87000 rw-s 00000000 08:01 918019                     /tmp/hsperfdata_sysadmin/13981
7f8019c87000-7f8019c88000 rw-p 00000000 00:00 0 
7f8019c88000-7f8019c89000 ---p 00000000 00:00 0 
7f8019c89000-7f8019c8b000 rw-p 00000000 00:00 0 
7f8019c8b000-7f8019c8c000 r--p 00023000 08:01 13113495                   /lib/x86_64-linux-gnu/ld-2.21.so
7f8019c8c000-7f8019c8d000 rw-p 00024000 08:01 13113495                   /lib/x86_64-linux-gnu/ld-2.21.so
7f8019c8d000-7f8019c8e000 rw-p 00000000 00:00 0 
7ffe4a823000-7ffe4a844000 rw-p 00000000 00:00 0                          [stack]
7ffe4a9cc000-7ffe4a9ce000 r-xp 00000000 00:00 0                          [vdso]
7ffe4a9ce000-7ffe4a9d0000 r--p 00000000 00:00 0                          [vvar]
ffffffffff600000-ffffffffff601000 r-xp 00000000 00:00 0                  [vsyscall]

VM Arguments:
jvm_args: -Djava.awt.headless=true -Xmx4g -Dfile.encoding=UTF-8 -Duser.country=IN -Duser.language=en -Duser.variant 
java_command: com.android.dx.command.Main --dex --num-threads=4 --multi-dex --main-dex-list /home/sysadmin/AndroidStudioProjects/Power2SME/app/build/intermediates/multi-dex/debug/maindexlist.txt --output /home/sysadmin/AndroidStudioProjects/Power2SME/app/build/intermediates/transforms/dex/debug/folders/1000/1f/main /home/sysadmin/AndroidStudioProjects/Power2SME/app/build/intermediates/transforms/jarMerging/debug/jars/1/1f/combined.jar
java_class_path (initial): /home/sysadmin/Android/Sdk/build-tools/23.0.3/lib/dx.jar
Launcher Type: SUN_STANDARD

Environment Variables:
JAVA_HOME=/usr/lib/jvm/java-8-oracle
PATH=/usr/local/sbin:/usr/local/bin:/usr/sbin:/usr/bin:/sbin:/bin:/usr/games:/usr/local/games:/usr/lib/jvm/java-8-oracle/bin:/usr/lib/jvm/java-8-oracle/db/bin:/usr/lib/jvm/java-8-oracle/jre/bin
SHELL=/bin/bash
DISPLAY=:0

Signal Handlers:
SIGSEGV: [libjvm.so+0xac4790], sa_mask[0]=11111111011111111101111111111110, sa_flags=SA_RESTART|SA_SIGINFO
SIGBUS: [libjvm.so+0xac4790], sa_mask[0]=11111111011111111101111111111110, sa_flags=SA_RESTART|SA_SIGINFO
SIGFPE: [libjvm.so+0x91f140], sa_mask[0]=11111111011111111101111111111110, sa_flags=SA_RESTART|SA_SIGINFO
SIGPIPE: [libjvm.so+0x91f140], sa_mask[0]=11111111011111111101111111111110, sa_flags=SA_RESTART|SA_SIGINFO
SIGXFSZ: [libjvm.so+0x91f140], sa_mask[0]=11111111011111111101111111111110, sa_flags=SA_RESTART|SA_SIGINFO
SIGILL: [libjvm.so+0x91f140], sa_mask[0]=11111111011111111101111111111110, sa_flags=SA_RESTART|SA_SIGINFO
SIGUSR1: SIG_DFL, sa_mask[0]=00000000000000000000000000000000, sa_flags=none
SIGUSR2: [libjvm.so+0x920770], sa_mask[0]=00100000000000000000000000000000, sa_flags=SA_RESTART|SA_SIGINFO
SIGHUP: [libjvm.so+0x921b70], sa_mask[0]=11111111011111111101111111111110, sa_flags=SA_RESTART|SA_SIGINFO
SIGINT: [libjvm.so+0x921b70], sa_mask[0]=11111111011111111101111111111110, sa_flags=SA_RESTART|SA_SIGINFO
SIGTERM: [libjvm.so+0x921b70], sa_mask[0]=11111111011111111101111111111110, sa_flags=SA_RESTART|SA_SIGINFO
SIGQUIT: [libjvm.so+0x921b70], sa_mask[0]=11111111011111111101111111111110, sa_flags=SA_RESTART|SA_SIGINFO


---------------  S Y S T E M  ---------------

OS:DISTRIB_ID=Ubuntu
DISTRIB_RELEASE=15.10
DISTRIB_CODENAME=wily
DISTRIB_DESCRIPTION="Ubuntu 15.10"

uname:Linux 3.16.0-76-generic #98~14.04.1-Ubuntu SMP Fri Jun 24 17:04:54 UTC 2016 x86_64
libc:glibc 2.21 NPTL 2.21 
rlimit: STACK 8192k, CORE 0k, NPROC 31470, NOFILE 65536, AS infinity
load average:58.32 25.35 10.73

/proc/meminfo:
MemTotal:        8088036 kB
MemFree:          163872 kB
MemAvailable:     156808 kB
Buffers:            3056 kB
Cached:           422048 kB
SwapCached:        32524 kB
Active:          6315732 kB
Inactive:        1360616 kB
Active(anon):    6304220 kB
Inactive(anon):  1268176 kB
Active(file):      11512 kB
Inactive(file):    92440 kB
Unevictable:          72 kB
Mlocked:              72 kB
SwapTotal:       2007036 kB
SwapFree:          62480 kB
Dirty:               352 kB
Writeback:             0 kB
AnonPages:       7220616 kB
Mapped:           238824 kB
Shmem:            321012 kB
Slab:              89628 kB
SReclaimable:      50844 kB
SUnreclaim:        38784 kB
KernelStack:       12592 kB
PageTables:        64976 kB
NFS_Unstable:          0 kB
Bounce:                0 kB
WritebackTmp:          0 kB
CommitLimit:     6051052 kB
Committed_AS:   16616396 kB
VmallocTotal:   34359738367 kB
VmallocUsed:      359448 kB
VmallocChunk:   34359349664 kB
HardwareCorrupted:     0 kB
AnonHugePages:   3690496 kB
HugePages_Total:       0
HugePages_Free:        0
HugePages_Rsvd:        0
HugePages_Surp:        0
Hugepagesize:       2048 kB
DirectMap4k:       73092 kB
DirectMap2M:     1935360 kB
DirectMap1G:     6291456 kB


CPU:total 2 (2 cores per cpu, 1 threads per core) family 6 model 60 stepping 3, cmov, cx8, fxsr, mmx, sse, sse2, sse3, ssse3, sse4.1, sse4.2, popcnt, clmul, erms, lzcnt, tsc, tscinvbit

/proc/cpuinfo:
processor	: 0
vendor_id	: GenuineIntel
cpu family	: 6
model		: 60
model name	: Intel(R) Pentium(R) CPU G3240 @ 3.10GHz
stepping	: 3
microcode	: 0x1a
cpu MHz		: 2499.980
cache size	: 3072 KB
physical id	: 0
siblings	: 2
core id		: 0
cpu cores	: 2
apicid		: 0
initial apicid	: 0
fpu		: yes
fpu_exception	: yes
cpuid level	: 13
wp		: yes
flags		: fpu vme de pse tsc msr pae mce cx8 apic sep mtrr pge mca cmov pat pse36 clflush dts acpi mmx fxsr sse sse2 ss ht tm pbe syscall nx pdpe1gb rdtscp lm constant_tsc arch_perfmon pebs bts rep_good nopl xtopology nonstop_tsc aperfmperf eagerfpu pni pclmulqdq dtes64 monitor ds_cpl vmx est tm2 ssse3 cx16 xtpr pdcm pcid sse4_1 sse4_2 movbe popcnt tsc_deadline_timer xsave rdrand lahf_lm abm arat epb xsaveopt pln pts dtherm tpr_shadow vnmi flexpriority ept vpid fsgsbase tsc_adjust erms invpcid
bogomips	: 6185.61
clflush size	: 64
cache_alignment	: 64
address sizes	: 39 bits physical, 48 bits virtual
power management:

processor	: 1
vendor_id	: GenuineIntel
cpu family	: 6
model		: 60
model name	: Intel(R) Pentium(R) CPU G3240 @ 3.10GHz
stepping	: 3
microcode	: 0x1a
cpu MHz		: 2441.371
cache size	: 3072 KB
physical id	: 0
siblings	: 2
core id		: 1
cpu cores	: 2
apicid		: 2
initial apicid	: 2
fpu		: yes
fpu_exception	: yes
cpuid level	: 13
wp		: yes
flags		: fpu vme de pse tsc msr pae mce cx8 apic sep mtrr pge mca cmov pat pse36 clflush dts acpi mmx fxsr sse sse2 ss ht tm pbe syscall nx pdpe1gb rdtscp lm constant_tsc arch_perfmon pebs bts rep_good nopl xtopology nonstop_tsc aperfmperf eagerfpu pni pclmulqdq dtes64 monitor ds_cpl vmx est tm2 ssse3 cx16 xtpr pdcm pcid sse4_1 sse4_2 movbe popcnt tsc_deadline_timer xsave rdrand lahf_lm abm arat epb xsaveopt pln pts dtherm tpr_shadow vnmi flexpriority ept vpid fsgsbase tsc_adjust erms invpcid
bogomips	: 6185.61
clflush size	: 64
cache_alignment	: 64
address sizes	: 39 bits physical, 48 bits virtual
power management:



Memory: 4k page, physical 8088036k(163872k free), swap 2007036k(62480k free)

vm_info: Java HotSpot(TM) 64-Bit Server VM (25.101-b13) for linux-amd64 JRE (1.8.0_101-b13), built on Jun 22 2016 02:59:44 by "java_re" with gcc 4.3.0 20080428 (Red Hat 4.3.0-8)

time: Thu Oct  6 13:09:32 2016
elapsed time: 177 seconds (0d 0h 2m 57s)

