#
# There is insufficient memory for the Java Runtime Environment to continue.
# Native memory allocation (mmap) failed to map 241172480 bytes for committing reserved memory.
# Possible reasons:
#   The system is out of physical RAM or swap space
#   In 32 bit mode, the process size limit was hit
# Possible solutions:
#   Reduce memory load on the system
#   Increase physical memory or swap space
#   Check if swap backing store is full
#   Use 64 bit Java on a 64 bit OS
#   Decrease Java heap size (-Xmx/-Xms)
#   Decrease number of Java threads
#   Decrease Java thread stack sizes (-Xss)
#   Set larger code cache with -XX:ReservedCodeCacheSize=
# This output file may be truncated or incomplete.
#
#  Out of Memory Error (os_linux.cpp:2627), pid=6189, tid=0x00007f2a14693700
#
# JRE version: Java(TM) SE Runtime Environment (8.0_101-b13) (build 1.8.0_101-b13)
# Java VM: Java HotSpot(TM) 64-Bit Server VM (25.101-b13 mixed mode linux-amd64 compressed oops)
# Failed to write core dump. Core dumps have been disabled. To enable core dumping, try "ulimit -c unlimited" before starting Java again
#

---------------  T H R E A D  ---------------

Current thread (0x00007f2a2c074000):  VMThread [stack: 0x00007f2a14593000,0x00007f2a14694000] [id=6197]

Stack: [0x00007f2a14593000,0x00007f2a14694000],  sp=0x00007f2a14692020,  free space=1020k
Native frames: (J=compiled Java code, j=interpreted, Vv=VM code, C=native code)
V  [libjvm.so+0xac3f0a]  VMError::report_and_die()+0x2ba
V  [libjvm.so+0x4fbf9b]  report_vm_out_of_memory(char const*, int, unsigned long, VMErrorType, char const*)+0x8b
V  [libjvm.so+0x9222d3]  os::Linux::commit_memory_impl(char*, unsigned long, bool)+0x103
V  [libjvm.so+0x922829]  os::pd_commit_memory(char*, unsigned long, unsigned long, bool)+0x29
V  [libjvm.so+0x91cb2a]  os::commit_memory(char*, unsigned long, unsigned long, bool)+0x2a
V  [libjvm.so+0x991053]  PSVirtualSpace::expand_by(unsigned long)+0x53
V  [libjvm.so+0x981920]  PSOldGen::expand(unsigned long)+0x170
V  [libjvm.so+0x981b2b]  PSOldGen::resize(unsigned long)+0x1cb
V  [libjvm.so+0x989821]  PSParallelCompact::invoke_no_policy(bool)+0x991
V  [libjvm.so+0x98f17d]  PSScavenge::invoke()+0x1ad
V  [libjvm.so+0x945fc0]  ParallelScavengeHeap::failed_mem_allocate(unsigned long)+0x70
V  [libjvm.so+0xac5927]  VM_ParallelGCFailedAllocation::doit()+0x97
V  [libjvm.so+0xacd405]  VM_Operation::evaluate()+0x55
V  [libjvm.so+0xacb7da]  VMThread::evaluate_operation(VM_Operation*)+0xba
V  [libjvm.so+0xacbb5e]  VMThread::loop()+0x1ce
V  [libjvm.so+0xacbfd0]  VMThread::run()+0x70
V  [libjvm.so+0x924698]  java_start(Thread*)+0x108

VM_Operation (0x00007f29ff6f4db0): ParallelGCFailedAllocation, mode: safepoint, requested by thread 0x00007f2a2c158000


---------------  P R O C E S S  ---------------

Java Threads: ( => current thread )
  0x00007f2a2c158000 JavaThread "pool-2-thread-4" [_thread_blocked, id=6209, stack(0x00007f29ff5f6000,0x00007f29ff6f7000)]
  0x00007f2a2c156000 JavaThread "pool-2-thread-3" [_thread_blocked, id=6208, stack(0x00007f29ff6f7000,0x00007f29ff7f8000)]
  0x00007f2a2c154800 JavaThread "pool-2-thread-2" [_thread_blocked, id=6207, stack(0x00007f29ff7f8000,0x00007f29ff8f9000)]
  0x00007f2a2c153800 JavaThread "pool-3-thread-1" [_thread_blocked, id=6206, stack(0x00007f29ff8f9000,0x00007f29ff9fa000)]
  0x00007f2a2c151000 JavaThread "pool-2-thread-1" [_thread_blocked, id=6205, stack(0x00007f29ff9fa000,0x00007f29ffafb000)]
  0x00007f2a2c0ba800 JavaThread "Service Thread" daemon [_thread_blocked, id=6203, stack(0x00007f29ffbfc000,0x00007f29ffcfd000)]
  0x00007f2a2c0b7800 JavaThread "C1 CompilerThread1" daemon [_thread_blocked, id=6202, stack(0x00007f29ffcfd000,0x00007f29ffdfe000)]
  0x00007f2a2c0b4800 JavaThread "C2 CompilerThread0" daemon [_thread_blocked, id=6201, stack(0x00007f29ffdfe000,0x00007f29ffeff000)]
  0x00007f2a2c0b3000 JavaThread "Signal Dispatcher" daemon [_thread_blocked, id=6200, stack(0x00007f29ffeff000,0x00007f2a00000000)]
  0x00007f2a2c080000 JavaThread "Finalizer" daemon [_thread_blocked, id=6199, stack(0x00007f2a14391000,0x00007f2a14492000)]
  0x00007f2a2c07b800 JavaThread "Reference Handler" daemon [_thread_blocked, id=6198, stack(0x00007f2a14492000,0x00007f2a14593000)]
  0x00007f2a2c00a000 JavaThread "main" [_thread_blocked, id=6194, stack(0x00007f2a3544d000,0x00007f2a3554e000)]

Other Threads:
=>0x00007f2a2c074000 VMThread [stack: 0x00007f2a14593000,0x00007f2a14694000] [id=6197]
  0x00007f2a2c0bd800 WatcherThread [stack: 0x00007f29ffafb000,0x00007f29ffbfc000] [id=6204]

VM state:at safepoint (normal execution)

VM Mutex/Monitor currently owned by a thread:  ([mutex/lock_event])
[0x00007f2a2c005f10] ExpandHeap_lock - owner thread: 0x00007f2a2c074000
[0x00007f2a2c006590] Threads_lock - owner thread: 0x00007f2a2c074000
[0x00007f2a2c006a90] Heap_lock - owner thread: 0x00007f2a2c158000

Heap:
 PSYoungGen      total 1108992K, used 154369K [0x000000076ab00000, 0x00000007c0000000, 0x00000007c0000000)
  eden space 909824K, 0% used [0x000000076ab00000,0x000000076ab00000,0x00000007a2380000)
  from space 199168K, 77% used [0x00000007af980000,0x00000007b90405d0,0x00000007bbc00000)
  to   space 219136K, 0% used [0x00000007a2380000,0x00000007a2380000,0x00000007af980000)
 ParOldGen       total 465408K, used 465178K [0x00000006c0000000, 0x00000006dc680000, 0x000000076ab00000)
  object space 465408K, 99% used [0x00000006c0000000,0x00000006dc646b20,0x00000006dc680000)
 Metaspace       used 6578K, capacity 7320K, committed 7680K, reserved 1056768K
  class space    used 617K, capacity 656K, committed 768K, reserved 1048576K

Card table byte_map: [0x00007f2a319fb000,0x00007f2a321fc000] byte_map_base: 0x00007f2a2e3fb000

Marking Bits: (ParMarkBitMap*) 0x00007f2a3491e120
 Begin Bits: [0x00007f2a15000000, 0x00007f2a19000000)
 End Bits:   [0x00007f2a19000000, 0x00007f2a1d000000)

Polling page: 0x00007f2a3556d000

CodeCache: size=245760Kb used=12903Kb max_used=13577Kb free=232856Kb
 bounds [0x00007f2a1d000000, 0x00007f2a1dda0000, 0x00007f2a2c000000]
 total_blobs=2867 nmethods=2599 adapters=182
 compilation: enabled

Compilation events (10 events):
Event: 73.223 Thread 0x00007f2a2c0b7800 3242       3       com.android.dx.ssa.back.FirstFitLocalCombiningAllocator$Alignment$1::nextClearBit (26 bytes)
Event: 73.223 Thread 0x00007f2a2c0b7800 nmethod 3242 0x00007f2a1d5cfcd0 code [0x00007f2a1d5cfe80, 0x00007f2a1d5d0238]
Event: 73.223 Thread 0x00007f2a2c0b7800 3241       3       java.util.concurrent.locks.AbstractQueuedSynchronizer::enq (58 bytes)
Event: 73.223 Thread 0x00007f2a2c0b7800 nmethod 3241 0x00007f2a1d2b2e90 code [0x00007f2a1d2b3020, 0x00007f2a1d2b3570]
Event: 73.223 Thread 0x00007f2a2c0b7800 3243       3       java.util.concurrent.locks.AbstractQueuedSynchronizer$ConditionObject::addConditionWaiter (64 bytes)
Event: 73.224 Thread 0x00007f2a2c0b7800 nmethod 3243 0x00007f2a1d2b2710 code [0x00007f2a1d2b28a0, 0x00007f2a1d2b2ce8]
Event: 73.224 Thread 0x00007f2a2c0b7800 3240       3       java.util.concurrent.locks.AbstractQueuedSynchronizer::transferForSignal (45 bytes)
Event: 73.224 Thread 0x00007f2a2c0b7800 nmethod 3240 0x00007f2a1d2b1ed0 code [0x00007f2a1d2b2080, 0x00007f2a1d2b2558]
Event: 73.309 Thread 0x00007f2a2c0b7800 3247       3       com.android.dx.dex.cf.AttributeTranslator::translateInnerClasses (356 bytes)
Event: 73.311 Thread 0x00007f2a2c0b7800 nmethod 3247 0x00007f2a1d50f790 code [0x00007f2a1d50fdc0, 0x00007f2a1d514178]

GC Heap History (10 events):
Event: 25.654 GC heap after
Heap after GC invocations=13 (full 2):
 PSYoungGen      total 704512K, used 71422K [0x000000076ab00000, 0x00000007a7880000, 0x00000007c0000000)
  eden space 581120K, 0% used [0x000000076ab00000,0x000000076ab00000,0x000000078e280000)
  from space 123392K, 57% used [0x000000078e280000,0x000000079283f810,0x0000000795b00000)
  to   space 126464K, 0% used [0x000000079fd00000,0x000000079fd00000,0x00000007a7880000)
 ParOldGen       total 282112K, used 245919K [0x00000006c0000000, 0x00000006d1380000, 0x000000076ab00000)
  object space 282112K, 87% used [0x00000006c0000000,0x00000006cf027f90,0x00000006d1380000)
 Metaspace       used 6565K, capacity 7320K, committed 7680K, reserved 1056768K
  class space    used 616K, capacity 656K, committed 768K, reserved 1048576K
}
Event: 25.654 GC heap before
{Heap before GC invocations=14 (full 3):
 PSYoungGen      total 704512K, used 71422K [0x000000076ab00000, 0x00000007a7880000, 0x00000007c0000000)
  eden space 581120K, 0% used [0x000000076ab00000,0x000000076ab00000,0x000000078e280000)
  from space 123392K, 57% used [0x000000078e280000,0x000000079283f810,0x0000000795b00000)
  to   space 126464K, 0% used [0x000000079fd00000,0x000000079fd00000,0x00000007a7880000)
 ParOldGen       total 282112K, used 245919K [0x00000006c0000000, 0x00000006d1380000, 0x000000076ab00000)
  object space 282112K, 87% used [0x00000006c0000000,0x00000006cf027f90,0x00000006d1380000)
 Metaspace       used 6565K, capacity 7320K, committed 7680K, reserved 1056768K
  class space    used 616K, capacity 656K, committed 768K, reserved 1048576K
Event: 27.696 GC heap after
Heap after GC invocations=14 (full 3):
 PSYoungGen      total 704512K, used 30206K [0x000000076ab00000, 0x00000007a7880000, 0x00000007c0000000)
  eden space 581120K, 0% used [0x000000076ab00000,0x000000076ab00000,0x000000078e280000)
  from space 123392K, 24% used [0x000000078e280000,0x000000078ffff8c0,0x0000000795b00000)
  to   space 126464K, 0% used [0x000000079fd00000,0x000000079fd00000,0x00000007a7880000)
 ParOldGen       total 451584K, used 281769K [0x00000006c0000000, 0x00000006db900000, 0x000000076ab00000)
  object space 451584K, 62% used [0x00000006c0000000,0x00000006d132a658,0x00000006db900000)
 Metaspace       used 6565K, capacity 7320K, committed 7680K, reserved 1056768K
  class space    used 616K, capacity 656K, committed 768K, reserved 1048576K
}
Event: 40.100 GC heap before
{Heap before GC invocations=15 (full 3):
 PSYoungGen      total 704512K, used 611326K [0x000000076ab00000, 0x00000007a7880000, 0x00000007c0000000)
  eden space 581120K, 100% used [0x000000076ab00000,0x000000078e280000,0x000000078e280000)
  from space 123392K, 24% used [0x000000078e280000,0x000000078ffff8c0,0x0000000795b00000)
  to   space 126464K, 0% used [0x000000079fd00000,0x000000079fd00000,0x00000007a7880000)
 ParOldGen       total 451584K, used 281769K [0x00000006c0000000, 0x00000006db900000, 0x000000076ab00000)
  object space 451584K, 62% used [0x00000006c0000000,0x00000006d132a658,0x00000006db900000)
 Metaspace       used 6568K, capacity 7320K, committed 7680K, reserved 1056768K
  class space    used 616K, capacity 656K, committed 768K, reserved 1048576K
Event: 43.260 GC heap after
Heap after GC invocations=15 (full 3):
 PSYoungGen      total 852992K, used 113601K [0x000000076ab00000, 0x00000007a9080000, 0x00000007c0000000)
  eden space 726528K, 0% used [0x000000076ab00000,0x000000076ab00000,0x0000000797080000)
  from space 126464K, 89% used [0x000000079fd00000,0x00000007a6bf06c0,0x00000007a7880000)
  to   space 143872K, 0% used [0x0000000797080000,0x0000000797080000,0x000000079fd00000)
 ParOldGen       total 451584K, used 281777K [0x00000006c0000000, 0x00000006db900000, 0x000000076ab00000)
  object space 451584K, 62% used [0x00000006c0000000,0x00000006d132c658,0x00000006db900000)
 Metaspace       used 6568K, capacity 7320K, committed 7680K, reserved 1056768K
  class space    used 616K, capacity 656K, committed 768K, reserved 1048576K
}
Event: 54.116 GC heap before
{Heap before GC invocations=16 (full 3):
 PSYoungGen      total 852992K, used 840129K [0x000000076ab00000, 0x00000007a9080000, 0x00000007c0000000)
  eden space 726528K, 100% used [0x000000076ab00000,0x0000000797080000,0x0000000797080000)
  from space 126464K, 89% used [0x000000079fd00000,0x00000007a6bf06c0,0x00000007a7880000)
  to   space 143872K, 0% used [0x0000000797080000,0x0000000797080000,0x000000079fd00000)
 ParOldGen       total 451584K, used 281777K [0x00000006c0000000, 0x00000006db900000, 0x000000076ab00000)
  object space 451584K, 62% used [0x00000006c0000000,0x00000006d132c658,0x00000006db900000)
 Metaspace       used 6575K, capacity 7320K, committed 7680K, reserved 1056768K
  class space    used 617K, capacity 656K, committed 768K, reserved 1048576K
Event: 58.461 GC heap after
Heap after GC invocations=16 (full 3):
 PSYoungGen      total 870400K, used 143856K [0x000000076ab00000, 0x00000007bbc00000, 0x00000007c0000000)
  eden space 726528K, 0% used [0x000000076ab00000,0x000000076ab00000,0x0000000797080000)
  from space 143872K, 99% used [0x0000000797080000,0x000000079fcfc0c8,0x000000079fd00000)
  to   space 199168K, 0% used [0x00000007af980000,0x00000007af980000,0x00000007bbc00000)
 ParOldGen       total 451584K, used 364576K [0x00000006c0000000, 0x00000006db900000, 0x000000076ab00000)
  object space 451584K, 80% used [0x00000006c0000000,0x00000006d64080d0,0x00000006db900000)
 Metaspace       used 6575K, capacity 7320K, committed 7680K, reserved 1056768K
  class space    used 617K, capacity 656K, committed 768K, reserved 1048576K
}
Event: 73.546 GC heap before
{Heap before GC invocations=17 (full 3):
 PSYoungGen      total 870400K, used 870384K [0x000000076ab00000, 0x00000007bbc00000, 0x00000007c0000000)
  eden space 726528K, 100% used [0x000000076ab00000,0x0000000797080000,0x0000000797080000)
  from space 143872K, 99% used [0x0000000797080000,0x000000079fcfc0c8,0x000000079fd00000)
  to   space 199168K, 0% used [0x00000007af980000,0x00000007af980000,0x00000007bbc00000)
 ParOldGen       total 451584K, used 364576K [0x00000006c0000000, 0x00000006db900000, 0x000000076ab00000)
  object space 451584K, 80% used [0x00000006c0000000,0x00000006d64080d0,0x00000006db900000)
 Metaspace       used 6578K, capacity 7320K, committed 7680K, reserved 1056768K
  class space    used 617K, capacity 656K, committed 768K, reserved 1048576K
Event: 89.235 GC heap after
Heap after GC invocations=17 (full 3):
 PSYoungGen      total 1108992K, used 158489K [0x000000076ab00000, 0x00000007c0000000, 0x00000007c0000000)
  eden space 909824K, 0% used [0x000000076ab00000,0x000000076ab00000,0x00000007a2380000)
  from space 199168K, 79% used [0x00000007af980000,0x00000007b9446720,0x00000007bbc00000)
  to   space 219136K, 0% used [0x00000007a2380000,0x00000007a2380000,0x00000007af980000)
 ParOldGen       total 465408K, used 464918K [0x00000006c0000000, 0x00000006dc680000, 0x000000076ab00000)
  object space 465408K, 99% used [0x00000006c0000000,0x00000006dc605b98,0x00000006dc680000)
 Metaspace       used 6578K, capacity 7320K, committed 7680K, reserved 1056768K
  class space    used 617K, capacity 656K, committed 768K, reserved 1048576K
}
Event: 89.235 GC heap before
{Heap before GC invocations=18 (full 4):
 PSYoungGen      total 1108992K, used 158489K [0x000000076ab00000, 0x00000007c0000000, 0x00000007c0000000)
  eden space 909824K, 0% used [0x000000076ab00000,0x000000076ab00000,0x00000007a2380000)
  from space 199168K, 79% used [0x00000007af980000,0x00000007b9446720,0x00000007bbc00000)
  to   space 219136K, 0% used [0x00000007a2380000,0x00000007a2380000,0x00000007af980000)
 ParOldGen       total 465408K, used 464918K [0x00000006c0000000, 0x00000006dc680000, 0x000000076ab00000)
  object space 465408K, 99% used [0x00000006c0000000,0x00000006dc605b98,0x00000006dc680000)
 Metaspace       used 6578K, capacity 7320K, committed 7680K, reserved 1056768K
  class space    used 617K, capacity 656K, committed 768K, reserved 1048576K

Deoptimization events (10 events):
Event: 66.481 Thread 0x00007f2a2c158000 Uncommon trap: reason=unstable_if action=reinterpret pc=0x00007f2a1dcc6fa8 method=com.android.dx.util.BitIntSet.has(I)Z @ 8
Event: 66.519 Thread 0x00007f2a2c158000 Uncommon trap: reason=unstable_if action=reinterpret pc=0x00007f2a1d428668 method=com.android.dx.ssa.LiteralOpUpgrader$1.visitNonMoveInsn(Lcom/android/dx/ssa/NormalSsaInsn;)V @ 176
Event: 66.533 Thread 0x00007f2a2c156000 Uncommon trap: reason=unstable_if action=reinterpret pc=0x00007f2a1daeb014 method=com.android.dx.rop.code.RegisterSpec.equals(ILcom/android/dx/rop/type/TypeBearer;Lcom/android/dx/rop/code/LocalItem;)Z @ 31
Event: 66.533 Thread 0x00007f2a2c156000 Uncommon trap: reason=unstable_if action=reinterpret pc=0x00007f2a1d56a904 method=com.android.dx.rop.code.RegisterSpec.equals(ILcom/android/dx/rop/type/TypeBearer;Lcom/android/dx/rop/code/LocalItem;)Z @ 31
Event: 68.043 Thread 0x00007f2a2c158000 Uncommon trap: reason=unstable_if action=reinterpret pc=0x00007f2a1d33e220 method=com.android.dx.ssa.InterferenceRegisterMapper.interferes(III)Z @ 69
Event: 68.050 Thread 0x00007f2a2c158000 Uncommon trap: reason=unstable_if action=reinterpret pc=0x00007f2a1d649a78 method=com.android.dx.ssa.back.FirstFitLocalCombiningAllocator.getAlignment(I)Lcom/android/dx/ssa/back/FirstFitLocalCombiningAllocator$Alignment; @ 16
Event: 68.774 Thread 0x00007f2a2c154800 Uncommon trap: reason=unstable_if action=reinterpret pc=0x00007f2a1dbb7234 method=com.android.dx.dex.code.OutputFinisher.hasLocalInfo(Lcom/android/dx/dex/code/DalvInsn;)Z @ 24
Event: 69.073 Thread 0x00007f2a2c151000 Uncommon trap: reason=unstable_if action=reinterpret pc=0x00007f2a1d6edc20 method=java.util.TreeMap.values()Ljava/util/Collection; @ 6
Event: 69.140 Thread 0x00007f2a2c158000 Uncommon trap: reason=bimorphic action=maybe_recompile pc=0x00007f2a1daf64c8 method=com.android.dx.cf.code.BytecodeArray.parseInstruction(ILcom/android/dx/cf/code/BytecodeArray$Visitor;)I @ 2554
Event: 69.140 Thread 0x00007f2a2c158000 Uncommon trap: reason=bimorphic action=maybe_recompile pc=0x00007f2a1daf64c8 method=com.android.dx.cf.code.BytecodeArray.parseInstruction(ILcom/android/dx/cf/code/BytecodeArray$Visitor;)I @ 2554

Internal exceptions (9 events):
Event: 0.182 Thread 0x00007f2a2c00a000 Exception <a 'java/lang/NoSuchMethodError': Method sun.misc.Unsafe.defineClass(Ljava/lang/String;[BII)Ljava/lang/Class; name or signature does not match> (0x000000076ab07cc0) thrown at [/HUDSON3/workspace/8-2-build-linux-amd64/jdk8u101/7261/hotspot/src/sh
Event: 0.182 Thread 0x00007f2a2c00a000 Exception <a 'java/lang/NoSuchMethodError': Method sun.misc.Unsafe.prefetchRead(Ljava/lang/Object;J)V name or signature does not match> (0x000000076ab07fa8) thrown at [/HUDSON3/workspace/8-2-build-linux-amd64/jdk8u101/7261/hotspot/src/share/vm/prims/jni.c
Event: 2.766 Thread 0x00007f2a2c158000 Implicit null exception at 0x00007f2a1d338e73 to 0x00007f2a1d33ba0d
Event: 3.287 Thread 0x00007f2a2c158000 Exception <a 'java/lang/ArrayIndexOutOfBoundsException': 18> (0x000000076bb74590) thrown at [/HUDSON3/workspace/8-2-build-linux-amd64/jdk8u101/7261/hotspot/src/share/vm/interpreter/interpreterRuntime.cpp, line 366]
Event: 3.288 Thread 0x00007f2a2c158000 Exception <a 'java/lang/ArrayIndexOutOfBoundsException': 145> (0x000000076bb76110) thrown at [/HUDSON3/workspace/8-2-build-linux-amd64/jdk8u101/7261/hotspot/src/share/vm/interpreter/interpreterRuntime.cpp, line 366]
Event: 3.288 Thread 0x00007f2a2c158000 Exception <a 'java/lang/ArrayIndexOutOfBoundsException': 40> (0x000000076bb773f8) thrown at [/HUDSON3/workspace/8-2-build-linux-amd64/jdk8u101/7261/hotspot/src/share/vm/interpreter/interpreterRuntime.cpp, line 366]
Event: 63.032 Thread 0x00007f2a2c151000 Implicit null exception at 0x00007f2a1dc19c1a to 0x00007f2a1dc1a1c1
Event: 66.533 Thread 0x00007f2a2c156000 Implicit null exception at 0x00007f2a1daeaa50 to 0x00007f2a1daeafe9
Event: 66.533 Thread 0x00007f2a2c156000 Implicit null exception at 0x00007f2a1d56a40d to 0x00007f2a1d56a8d9

Events (10 events):
Event: 69.140 Thread 0x00007f2a2c158000 Uncommon trap: trap_request=0xffffffc6 fr.pc=0x00007f2a1daf64c8
Event: 69.140 Thread 0x00007f2a2c158000 DEOPT PACKING pc=0x00007f2a1daf64c8 sp=0x00007f29ff6f4d60
Event: 69.140 Thread 0x00007f2a2c158000 DEOPT UNPACKING pc=0x00007f2a1d005229 sp=0x00007f29ff6f4d20 mode 2
Event: 69.406 Thread 0x00007f2a2c154800 DEOPT PACKING pc=0x00007f2a1da5e963 sp=0x00007f29ff8f7040
Event: 69.406 Thread 0x00007f2a2c154800 DEOPT UNPACKING pc=0x00007f2a1d047233 sp=0x00007f29ff8f6dd0 mode 0
Event: 72.835 Thread 0x00007f2a2c158000 DEOPT PACKING pc=0x00007f2a1da5e963 sp=0x00007f29ff6f4f40
Event: 72.835 Thread 0x00007f2a2c158000 DEOPT UNPACKING pc=0x00007f2a1d047233 sp=0x00007f29ff6f4cd0 mode 0
Event: 73.488 Thread 0x00007f2a2c00a000 DEOPT PACKING pc=0x00007f2a1d970562 sp=0x00007f2a3554bb40
Event: 73.488 Thread 0x00007f2a2c00a000 DEOPT UNPACKING pc=0x00007f2a1d047233 sp=0x00007f2a3554ba70 mode 0
Event: 73.546 Executing VM operation: ParallelGCFailedAllocation


Dynamic libraries:
00400000-00401000 r-xp 00000000 08:01 26871996                           /usr/lib/jvm/java-8-oracle/bin/java
00600000-00601000 rw-p 00000000 08:01 26871996                           /usr/lib/jvm/java-8-oracle/bin/java
0183a000-018a3000 rw-p 00000000 00:00 0                                  [heap]
6c0000000-6dc680000 rw-p 00000000 00:00 0 
6eac80000-76ab00000 ---p 00000000 00:00 0 
76ab00000-7c0000000 rw-p 00000000 00:00 0 
7c0000000-7c00c0000 rw-p 00000000 00:00 0 
7c00c0000-800000000 ---p 00000000 00:00 0 
7f29d8000000-7f29d8021000 rw-p 00000000 00:00 0 
7f29d8021000-7f29dc000000 ---p 00000000 00:00 0 
7f29dc000000-7f29dc073000 rw-p 00000000 00:00 0 
7f29dc073000-7f29e0000000 ---p 00000000 00:00 0 
7f29e0000000-7f29e003c000 rw-p 00000000 00:00 0 
7f29e003c000-7f29e4000000 ---p 00000000 00:00 0 
7f29e4000000-7f29e4021000 rw-p 00000000 00:00 0 
7f29e4021000-7f29e8000000 ---p 00000000 00:00 0 
7f29e8000000-7f29e8021000 rw-p 00000000 00:00 0 
7f29e8021000-7f29ec000000 ---p 00000000 00:00 0 
7f29ec000000-7f29ec021000 rw-p 00000000 00:00 0 
7f29ec021000-7f29f0000000 ---p 00000000 00:00 0 
7f29f0000000-7f29f3270000 rw-p 00000000 00:00 0 
7f29f3270000-7f29f4000000 ---p 00000000 00:00 0 
7f29f4000000-7f29f496a000 rw-p 00000000 00:00 0 
7f29f496a000-7f29f8000000 ---p 00000000 00:00 0 
7f29f8000000-7f29f8021000 rw-p 00000000 00:00 0 
7f29f8021000-7f29fc000000 ---p 00000000 00:00 0 
7f29ff5f6000-7f29ff5f9000 ---p 00000000 00:00 0 
7f29ff5f9000-7f29ff6f7000 rw-p 00000000 00:00 0                          [stack:6209]
7f29ff6f7000-7f29ff6fa000 ---p 00000000 00:00 0 
7f29ff6fa000-7f29ff7f8000 rw-p 00000000 00:00 0                          [stack:6208]
7f29ff7f8000-7f29ff7fb000 ---p 00000000 00:00 0 
7f29ff7fb000-7f29ff8f9000 rw-p 00000000 00:00 0                          [stack:6207]
7f29ff8f9000-7f29ff8fc000 ---p 00000000 00:00 0 
7f29ff8fc000-7f29ff9fa000 rw-p 00000000 00:00 0                          [stack:6206]
7f29ff9fa000-7f29ff9fd000 ---p 00000000 00:00 0 
7f29ff9fd000-7f29ffafb000 rw-p 00000000 00:00 0                          [stack:6205]
7f29ffafb000-7f29ffafc000 ---p 00000000 00:00 0 
7f29ffafc000-7f29ffbfc000 rw-p 00000000 00:00 0                          [stack:6204]
7f29ffbfc000-7f29ffbff000 ---p 00000000 00:00 0 
7f29ffbff000-7f29ffcfd000 rw-p 00000000 00:00 0                          [stack:6203]
7f29ffcfd000-7f29ffd00000 ---p 00000000 00:00 0 
7f29ffd00000-7f29ffdfe000 rw-p 00000000 00:00 0                          [stack:6202]
7f29ffdfe000-7f29ffe01000 ---p 00000000 00:00 0 
7f29ffe01000-7f29ffeff000 rw-p 00000000 00:00 0                          [stack:6201]
7f29ffeff000-7f29fff02000 ---p 00000000 00:00 0 
7f29fff02000-7f2a00000000 rw-p 00000000 00:00 0                          [stack:6200]
7f2a00000000-7f2a00021000 rw-p 00000000 00:00 0 
7f2a00021000-7f2a04000000 ---p 00000000 00:00 0 
7f2a04000000-7f2a04021000 rw-p 00000000 00:00 0 
7f2a04021000-7f2a08000000 ---p 00000000 00:00 0 
7f2a08000000-7f2a08021000 rw-p 00000000 00:00 0 
7f2a08021000-7f2a0c000000 ---p 00000000 00:00 0 
7f2a0c000000-7f2a0c2a7000 rw-p 00000000 00:00 0 
7f2a0c2a7000-7f2a10000000 ---p 00000000 00:00 0 
7f2a10000000-7f2a10021000 rw-p 00000000 00:00 0 
7f2a10021000-7f2a14000000 ---p 00000000 00:00 0 
7f2a1400a000-7f2a140c4000 r--s 008f2000 08:01 1966794                    /home/sysadmin/AndroidStudioProjects/Power2SME/app/build/intermediates/transforms/jarMerging/debug/jars/1/1f/combined.jar
7f2a140c4000-7f2a14391000 r--p 00000000 08:01 25690234                   /usr/lib/locale/locale-archive
7f2a14391000-7f2a14394000 ---p 00000000 00:00 0 
7f2a14394000-7f2a14492000 rw-p 00000000 00:00 0                          [stack:6199]
7f2a14492000-7f2a14495000 ---p 00000000 00:00 0 
7f2a14495000-7f2a14593000 rw-p 00000000 00:00 0                          [stack:6198]
7f2a14593000-7f2a14594000 ---p 00000000 00:00 0 
7f2a14594000-7f2a1d000000 rw-p 00000000 00:00 0                          [stack:6197]
7f2a1d000000-7f2a1dda0000 rwxp 00000000 00:00 0 
7f2a1dda0000-7f2a2c000000 ---p 00000000 00:00 0 
7f2a2c000000-7f2a2c391000 rw-p 00000000 00:00 0 
7f2a2c391000-7f2a30000000 ---p 00000000 00:00 0 
7f2a30005000-7f2a30054000 rw-p 00000000 00:00 0 
7f2a30054000-7f2a3022d000 r--s 03d29000 08:01 27407945                   /usr/lib/jvm/java-8-oracle/jre/lib/rt.jar
7f2a3022d000-7f2a30963000 rw-p 00000000 00:00 0 
7f2a30963000-7f2a30aa3000 ---p 00000000 00:00 0 
7f2a30aa3000-7f2a312a3000 rw-p 00000000 00:00 0 
7f2a312a3000-7f2a312a4000 ---p 00000000 00:00 0 
7f2a312a4000-7f2a313a4000 rw-p 00000000 00:00 0                          [stack:6196]
7f2a313a4000-7f2a313a5000 ---p 00000000 00:00 0 
7f2a313a5000-7f2a31589000 rw-p 00000000 00:00 0                          [stack:6195]
7f2a31589000-7f2a319fb000 ---p 00000000 00:00 0 
7f2a319fb000-7f2a31adf000 rw-p 00000000 00:00 0 
7f2a31adf000-7f2a31f50000 ---p 00000000 00:00 0 
7f2a31f50000-7f2a321fb000 rw-p 00000000 00:00 0 
7f2a321fb000-7f2a32233000 rw-p 00000000 00:00 0 
7f2a32233000-7f2a325bc000 ---p 00000000 00:00 0 
7f2a325bc000-7f2a325d6000 r-xp 00000000 08:01 27531318                   /usr/lib/jvm/java-8-oracle/jre/lib/amd64/libzip.so
7f2a325d6000-7f2a327d6000 ---p 0001a000 08:01 27531318                   /usr/lib/jvm/java-8-oracle/jre/lib/amd64/libzip.so
7f2a327d6000-7f2a327d7000 rw-p 0001a000 08:01 27531318                   /usr/lib/jvm/java-8-oracle/jre/lib/amd64/libzip.so
7f2a327d7000-7f2a327e1000 r-xp 00000000 08:01 13111191                   /lib/x86_64-linux-gnu/libnss_files-2.21.so
7f2a327e1000-7f2a329e1000 ---p 0000a000 08:01 13111191                   /lib/x86_64-linux-gnu/libnss_files-2.21.so
7f2a329e1000-7f2a329e2000 r--p 0000a000 08:01 13111191                   /lib/x86_64-linux-gnu/libnss_files-2.21.so
7f2a329e2000-7f2a329e3000 rw-p 0000b000 08:01 13111191                   /lib/x86_64-linux-gnu/libnss_files-2.21.so
7f2a329e3000-7f2a329ee000 r-xp 00000000 08:01 13113483                   /lib/x86_64-linux-gnu/libnss_nis-2.21.so
7f2a329ee000-7f2a32bed000 ---p 0000b000 08:01 13113483                   /lib/x86_64-linux-gnu/libnss_nis-2.21.so
7f2a32bed000-7f2a32bee000 r--p 0000a000 08:01 13113483                   /lib/x86_64-linux-gnu/libnss_nis-2.21.so
7f2a32bee000-7f2a32bef000 rw-p 0000b000 08:01 13113483                   /lib/x86_64-linux-gnu/libnss_nis-2.21.so
7f2a32bef000-7f2a32c06000 r-xp 00000000 08:01 13113493                   /lib/x86_64-linux-gnu/libnsl-2.21.so
7f2a32c06000-7f2a32e05000 ---p 00017000 08:01 13113493                   /lib/x86_64-linux-gnu/libnsl-2.21.so
7f2a32e05000-7f2a32e06000 r--p 00016000 08:01 13113493                   /lib/x86_64-linux-gnu/libnsl-2.21.so
7f2a32e06000-7f2a32e07000 rw-p 00017000 08:01 13113493                   /lib/x86_64-linux-gnu/libnsl-2.21.so
7f2a32e07000-7f2a32e09000 rw-p 00000000 00:00 0 
7f2a32e09000-7f2a32e11000 r-xp 00000000 08:01 13111335                   /lib/x86_64-linux-gnu/libnss_compat-2.21.so
7f2a32e11000-7f2a33010000 ---p 00008000 08:01 13111335                   /lib/x86_64-linux-gnu/libnss_compat-2.21.so
7f2a33010000-7f2a33011000 r--p 00007000 08:01 13111335                   /lib/x86_64-linux-gnu/libnss_compat-2.21.so
7f2a33011000-7f2a33012000 rw-p 00008000 08:01 13111335                   /lib/x86_64-linux-gnu/libnss_compat-2.21.so
7f2a33012000-7f2a3303c000 r-xp 00000000 08:01 27531344                   /usr/lib/jvm/java-8-oracle/jre/lib/amd64/libjava.so
7f2a3303c000-7f2a3323c000 ---p 0002a000 08:01 27531344                   /usr/lib/jvm/java-8-oracle/jre/lib/amd64/libjava.so
7f2a3323c000-7f2a3323e000 rw-p 0002a000 08:01 27531344                   /usr/lib/jvm/java-8-oracle/jre/lib/amd64/libjava.so
7f2a3323e000-7f2a3324b000 r-xp 00000000 08:01 27531298                   /usr/lib/jvm/java-8-oracle/jre/lib/amd64/libverify.so
7f2a3324b000-7f2a3344b000 ---p 0000d000 08:01 27531298                   /usr/lib/jvm/java-8-oracle/jre/lib/amd64/libverify.so
7f2a3344b000-7f2a3344d000 rw-p 0000d000 08:01 27531298                   /usr/lib/jvm/java-8-oracle/jre/lib/amd64/libverify.so
7f2a3344d000-7f2a33454000 r-xp 00000000 08:01 13111329                   /lib/x86_64-linux-gnu/librt-2.21.so
7f2a33454000-7f2a33653000 ---p 00007000 08:01 13111329                   /lib/x86_64-linux-gnu/librt-2.21.so
7f2a33653000-7f2a33654000 r--p 00006000 08:01 13111329                   /lib/x86_64-linux-gnu/librt-2.21.so
7f2a33654000-7f2a33655000 rw-p 00007000 08:01 13111329                   /lib/x86_64-linux-gnu/librt-2.21.so
7f2a33655000-7f2a3375c000 r-xp 00000000 08:01 13111340                   /lib/x86_64-linux-gnu/libm-2.21.so
7f2a3375c000-7f2a3395b000 ---p 00107000 08:01 13111340                   /lib/x86_64-linux-gnu/libm-2.21.so
7f2a3395b000-7f2a3395c000 r--p 00106000 08:01 13111340                   /lib/x86_64-linux-gnu/libm-2.21.so
7f2a3395c000-7f2a3395d000 rw-p 00107000 08:01 13111340                   /lib/x86_64-linux-gnu/libm-2.21.so
7f2a3395d000-7f2a34628000 r-xp 00000000 08:01 27531348                   /usr/lib/jvm/java-8-oracle/jre/lib/amd64/server/libjvm.so
7f2a34628000-7f2a34827000 ---p 00ccb000 08:01 27531348                   /usr/lib/jvm/java-8-oracle/jre/lib/amd64/server/libjvm.so
7f2a34827000-7f2a34900000 rw-p 00cca000 08:01 27531348                   /usr/lib/jvm/java-8-oracle/jre/lib/amd64/server/libjvm.so
7f2a34900000-7f2a3494b000 rw-p 00000000 00:00 0 
7f2a3494b000-7f2a34b0b000 r-xp 00000000 08:01 13113497                   /lib/x86_64-linux-gnu/libc-2.21.so
7f2a34b0b000-7f2a34d0b000 ---p 001c0000 08:01 13113497                   /lib/x86_64-linux-gnu/libc-2.21.so
7f2a34d0b000-7f2a34d0f000 r--p 001c0000 08:01 13113497                   /lib/x86_64-linux-gnu/libc-2.21.so
7f2a34d0f000-7f2a34d11000 rw-p 001c4000 08:01 13113497                   /lib/x86_64-linux-gnu/libc-2.21.so
7f2a34d11000-7f2a34d15000 rw-p 00000000 00:00 0 
7f2a34d15000-7f2a34d18000 r-xp 00000000 08:01 13111362                   /lib/x86_64-linux-gnu/libdl-2.21.so
7f2a34d18000-7f2a34f17000 ---p 00003000 08:01 13111362                   /lib/x86_64-linux-gnu/libdl-2.21.so
7f2a34f17000-7f2a34f18000 r--p 00002000 08:01 13111362                   /lib/x86_64-linux-gnu/libdl-2.21.so
7f2a34f18000-7f2a34f19000 rw-p 00003000 08:01 13111362                   /lib/x86_64-linux-gnu/libdl-2.21.so
7f2a34f19000-7f2a34f2e000 r-xp 00000000 08:01 26871443                   /usr/lib/jvm/java-8-oracle/lib/amd64/jli/libjli.so
7f2a34f2e000-7f2a3512e000 ---p 00015000 08:01 26871443                   /usr/lib/jvm/java-8-oracle/lib/amd64/jli/libjli.so
7f2a3512e000-7f2a3512f000 rw-p 00015000 08:01 26871443                   /usr/lib/jvm/java-8-oracle/lib/amd64/jli/libjli.so
7f2a3512f000-7f2a35147000 r-xp 00000000 08:01 13111350                   /lib/x86_64-linux-gnu/libpthread-2.21.so
7f2a35147000-7f2a35347000 ---p 00018000 08:01 13111350                   /lib/x86_64-linux-gnu/libpthread-2.21.so
7f2a35347000-7f2a35348000 r--p 00018000 08:01 13111350                   /lib/x86_64-linux-gnu/libpthread-2.21.so
7f2a35348000-7f2a35349000 rw-p 00019000 08:01 13111350                   /lib/x86_64-linux-gnu/libpthread-2.21.so
7f2a35349000-7f2a3534d000 rw-p 00000000 00:00 0 
7f2a3534d000-7f2a35371000 r-xp 00000000 08:01 13113495                   /lib/x86_64-linux-gnu/ld-2.21.so
7f2a3537a000-7f2a3544d000 rw-p 00000000 00:00 0 
7f2a3544d000-7f2a35450000 ---p 00000000 00:00 0 
7f2a35450000-7f2a35552000 rw-p 00000000 00:00 0                          [stack:6194]
7f2a35555000-7f2a35556000 rw-p 00000000 00:00 0 
7f2a35556000-7f2a35564000 r--s 000e0000 08:01 21890708                   /home/sysadmin/Android/Sdk/build-tools/24.0.2/lib/dx.jar
7f2a35564000-7f2a3556c000 rw-s 00000000 08:01 918153                     /tmp/hsperfdata_sysadmin/6189
7f2a3556c000-7f2a3556d000 rw-p 00000000 00:00 0 
7f2a3556d000-7f2a3556e000 ---p 00000000 00:00 0 
7f2a3556e000-7f2a35570000 rw-p 00000000 00:00 0 
7f2a35570000-7f2a35571000 r--p 00023000 08:01 13113495                   /lib/x86_64-linux-gnu/ld-2.21.so
7f2a35571000-7f2a35572000 rw-p 00024000 08:01 13113495                   /lib/x86_64-linux-gnu/ld-2.21.so
7f2a35572000-7f2a35573000 rw-p 00000000 00:00 0 
7fffbafe8000-7fffbb009000 rw-p 00000000 00:00 0                          [stack]
7fffbb0e0000-7fffbb0e2000 r-xp 00000000 00:00 0                          [vdso]
7fffbb0e2000-7fffbb0e4000 r--p 00000000 00:00 0                          [vvar]
ffffffffff600000-ffffffffff601000 r-xp 00000000 00:00 0                  [vsyscall]

VM Arguments:
jvm_args: -Djava.awt.headless=true -Xmx4g -Dfile.encoding=UTF-8 -Duser.country=IN -Duser.language=en -Duser.variant 
java_command: com.android.dx.command.Main --dex --num-threads=4 --multi-dex --main-dex-list /home/sysadmin/AndroidStudioProjects/Power2SME/app/build/intermediates/multi-dex/debug/maindexlist.txt --output /home/sysadmin/AndroidStudioProjects/Power2SME/app/build/intermediates/transforms/dex/debug/folders/1000/1f/main /home/sysadmin/AndroidStudioProjects/Power2SME/app/build/intermediates/transforms/jarMerging/debug/jars/1/1f/combined.jar
java_class_path (initial): /home/sysadmin/Android/Sdk/build-tools/24.0.2/lib/dx.jar
Launcher Type: SUN_STANDARD

Environment Variables:
JAVA_HOME=/usr/lib/jvm/java-8-oracle
PATH=/usr/local/sbin:/usr/local/bin:/usr/sbin:/usr/bin:/sbin:/bin:/usr/games:/usr/local/games:/usr/lib/jvm/java-8-oracle/bin:/usr/lib/jvm/java-8-oracle/db/bin:/usr/lib/jvm/java-8-oracle/jre/bin
SHELL=/bin/bash
DISPLAY=:0

Signal Handlers:
SIGSEGV: [libjvm.so+0xac4790], sa_mask[0]=11111111011111111101111111111110, sa_flags=SA_RESTART|SA_SIGINFO
SIGBUS: [libjvm.so+0xac4790], sa_mask[0]=11111111011111111101111111111110, sa_flags=SA_RESTART|SA_SIGINFO
SIGFPE: [libjvm.so+0x91f140], sa_mask[0]=11111111011111111101111111111110, sa_flags=SA_RESTART|SA_SIGINFO
SIGPIPE: [libjvm.so+0x91f140], sa_mask[0]=11111111011111111101111111111110, sa_flags=SA_RESTART|SA_SIGINFO
SIGXFSZ: [libjvm.so+0x91f140], sa_mask[0]=11111111011111111101111111111110, sa_flags=SA_RESTART|SA_SIGINFO
SIGILL: [libjvm.so+0x91f140], sa_mask[0]=11111111011111111101111111111110, sa_flags=SA_RESTART|SA_SIGINFO
SIGUSR1: SIG_DFL, sa_mask[0]=00000000000000000000000000000000, sa_flags=none
SIGUSR2: [libjvm.so+0x920770], sa_mask[0]=00100000000000000000000000000000, sa_flags=SA_RESTART|SA_SIGINFO
SIGHUP: [libjvm.so+0x921b70], sa_mask[0]=11111111011111111101111111111110, sa_flags=SA_RESTART|SA_SIGINFO
SIGINT: [libjvm.so+0x921b70], sa_mask[0]=11111111011111111101111111111110, sa_flags=SA_RESTART|SA_SIGINFO
SIGTERM: [libjvm.so+0x921b70], sa_mask[0]=11111111011111111101111111111110, sa_flags=SA_RESTART|SA_SIGINFO
SIGQUIT: [libjvm.so+0x921b70], sa_mask[0]=11111111011111111101111111111110, sa_flags=SA_RESTART|SA_SIGINFO


---------------  S Y S T E M  ---------------

OS:DISTRIB_ID=Ubuntu
DISTRIB_RELEASE=15.10
DISTRIB_CODENAME=wily
DISTRIB_DESCRIPTION="Ubuntu 15.10"

uname:Linux 3.16.0-76-generic #98~14.04.1-Ubuntu SMP Fri Jun 24 17:04:54 UTC 2016 x86_64
libc:glibc 2.21 NPTL 2.21 
rlimit: STACK 8192k, CORE 0k, NPROC 31470, NOFILE 65536, AS infinity
load average:18.70 6.61 3.10

/proc/meminfo:
MemTotal:        8088036 kB
MemFree:          148268 kB
MemAvailable:     137336 kB
Buffers:            5460 kB
Cached:           255620 kB
SwapCached:        64544 kB
Active:          6500564 kB
Inactive:        1194440 kB
Active(anon):    6483580 kB
Inactive(anon):  1115428 kB
Active(file):      16984 kB
Inactive(file):    79012 kB
Unevictable:          72 kB
Mlocked:              72 kB
SwapTotal:       2007036 kB
SwapFree:           3692 kB
Dirty:               444 kB
Writeback:             0 kB
AnonPages:       7369956 kB
Mapped:           122820 kB
Shmem:            164832 kB
Slab:              89892 kB
SReclaimable:      51064 kB
SUnreclaim:        38828 kB
KernelStack:       12896 kB
PageTables:        61160 kB
NFS_Unstable:          0 kB
Bounce:                0 kB
WritebackTmp:          0 kB
CommitLimit:     6051052 kB
Committed_AS:   16147560 kB
VmallocTotal:   34359738367 kB
VmallocUsed:      359512 kB
VmallocChunk:   34359313724 kB
HardwareCorrupted:     0 kB
AnonHugePages:   4018176 kB
HugePages_Total:       0
HugePages_Free:        0
HugePages_Rsvd:        0
HugePages_Surp:        0
Hugepagesize:       2048 kB
DirectMap4k:       85380 kB
DirectMap2M:     1923072 kB
DirectMap1G:     6291456 kB


CPU:total 2 (2 cores per cpu, 1 threads per core) family 6 model 60 stepping 3, cmov, cx8, fxsr, mmx, sse, sse2, sse3, ssse3, sse4.1, sse4.2, popcnt, clmul, erms, lzcnt, tsc, tscinvbit

/proc/cpuinfo:
processor	: 0
vendor_id	: GenuineIntel
cpu family	: 6
model		: 60
model name	: Intel(R) Pentium(R) CPU G3240 @ 3.10GHz
stepping	: 3
microcode	: 0x1a
cpu MHz		: 3041.148
cache size	: 3072 KB
physical id	: 0
siblings	: 2
core id		: 0
cpu cores	: 2
apicid		: 0
initial apicid	: 0
fpu		: yes
fpu_exception	: yes
cpuid level	: 13
wp		: yes
flags		: fpu vme de pse tsc msr pae mce cx8 apic sep mtrr pge mca cmov pat pse36 clflush dts acpi mmx fxsr sse sse2 ss ht tm pbe syscall nx pdpe1gb rdtscp lm constant_tsc arch_perfmon pebs bts rep_good nopl xtopology nonstop_tsc aperfmperf eagerfpu pni pclmulqdq dtes64 monitor ds_cpl vmx est tm2 ssse3 cx16 xtpr pdcm pcid sse4_1 sse4_2 movbe popcnt tsc_deadline_timer xsave rdrand lahf_lm abm arat epb xsaveopt pln pts dtherm tpr_shadow vnmi flexpriority ept vpid fsgsbase tsc_adjust erms invpcid
bogomips	: 6185.75
clflush size	: 64
cache_alignment	: 64
address sizes	: 39 bits physical, 48 bits virtual
power management:

processor	: 1
vendor_id	: GenuineIntel
cpu family	: 6
model		: 60
model name	: Intel(R) Pentium(R) CPU G3240 @ 3.10GHz
stepping	: 3
microcode	: 0x1a
cpu MHz		: 1197.132
cache size	: 3072 KB
physical id	: 0
siblings	: 2
core id		: 1
cpu cores	: 2
apicid		: 2
initial apicid	: 2
fpu		: yes
fpu_exception	: yes
cpuid level	: 13
wp		: yes
flags		: fpu vme de pse tsc msr pae mce cx8 apic sep mtrr pge mca cmov pat pse36 clflush dts acpi mmx fxsr sse sse2 ss ht tm pbe syscall nx pdpe1gb rdtscp lm constant_tsc arch_perfmon pebs bts rep_good nopl xtopology nonstop_tsc aperfmperf eagerfpu pni pclmulqdq dtes64 monitor ds_cpl vmx est tm2 ssse3 cx16 xtpr pdcm pcid sse4_1 sse4_2 movbe popcnt tsc_deadline_timer xsave rdrand lahf_lm abm arat epb xsaveopt pln pts dtherm tpr_shadow vnmi flexpriority ept vpid fsgsbase tsc_adjust erms invpcid
bogomips	: 6185.75
clflush size	: 64
cache_alignment	: 64
address sizes	: 39 bits physical, 48 bits virtual
power management:



Memory: 4k page, physical 8088036k(148268k free), swap 2007036k(3692k free)

vm_info: Java HotSpot(TM) 64-Bit Server VM (25.101-b13) for linux-amd64 JRE (1.8.0_101-b13), built on Jun 22 2016 02:59:44 by "java_re" with gcc 4.3.0 20080428 (Red Hat 4.3.0-8)

time: Thu Oct 13 01:39:44 2016
elapsed time: 98 seconds (0d 0h 1m 38s)

