#
# There is insufficient memory for the Java Runtime Environment to continue.
# Native memory allocation (mmap) failed to map 322961408 bytes for committing reserved memory.
# Possible reasons:
#   The system is out of physical RAM or swap space
#   In 32 bit mode, the process size limit was hit
# Possible solutions:
#   Reduce memory load on the system
#   Increase physical memory or swap space
#   Check if swap backing store is full
#   Use 64 bit Java on a 64 bit OS
#   Decrease Java heap size (-Xmx/-Xms)
#   Decrease number of Java threads
#   Decrease Java thread stack sizes (-Xss)
#   Set larger code cache with -XX:ReservedCodeCacheSize=
# This output file may be truncated or incomplete.
#
#  Out of Memory Error (os_linux.cpp:2627), pid=22893, tid=0x00007efcab297700
#
# JRE version: Java(TM) SE Runtime Environment (8.0_101-b13) (build 1.8.0_101-b13)
# Java VM: Java HotSpot(TM) 64-Bit Server VM (25.101-b13 mixed mode linux-amd64 compressed oops)
# Failed to write core dump. Core dumps have been disabled. To enable core dumping, try "ulimit -c unlimited" before starting Java again
#

---------------  T H R E A D  ---------------

Current thread (0x00007efcc8074000):  VMThread [stack: 0x00007efcab197000,0x00007efcab298000] [id=22901]

Stack: [0x00007efcab197000,0x00007efcab298000],  sp=0x00007efcab295fa0,  free space=1019k
Native frames: (J=compiled Java code, j=interpreted, Vv=VM code, C=native code)
V  [libjvm.so+0xac3f0a]  VMError::report_and_die()+0x2ba
V  [libjvm.so+0x4fbf9b]  report_vm_out_of_memory(char const*, int, unsigned long, VMErrorType, char const*)+0x8b
V  [libjvm.so+0x9222d3]  os::Linux::commit_memory_impl(char*, unsigned long, bool)+0x103
V  [libjvm.so+0x922829]  os::pd_commit_memory(char*, unsigned long, unsigned long, bool)+0x29
V  [libjvm.so+0x91cb2a]  os::commit_memory(char*, unsigned long, unsigned long, bool)+0x2a
V  [libjvm.so+0x991053]  PSVirtualSpace::expand_by(unsigned long)+0x53
V  [libjvm.so+0x992458]  PSYoungGen::resize_generation(unsigned long, unsigned long)+0xf8
V  [libjvm.so+0x9915b2]  PSYoungGen::resize(unsigned long, unsigned long)+0x22
V  [libjvm.so+0x98e88b]  PSScavenge::invoke_no_policy()+0xf3b
V  [libjvm.so+0x98f011]  PSScavenge::invoke()+0x41
V  [libjvm.so+0x945fc0]  ParallelScavengeHeap::failed_mem_allocate(unsigned long)+0x70
V  [libjvm.so+0xac5927]  VM_ParallelGCFailedAllocation::doit()+0x97
V  [libjvm.so+0xacd405]  VM_Operation::evaluate()+0x55
V  [libjvm.so+0xacb7da]  VMThread::evaluate_operation(VM_Operation*)+0xba
V  [libjvm.so+0xacbb5e]  VMThread::loop()+0x1ce
V  [libjvm.so+0xacbfd0]  VMThread::run()+0x70
V  [libjvm.so+0x924698]  java_start(Thread*)+0x108

VM_Operation (0x00007efcaa404d60): ParallelGCFailedAllocation, mode: safepoint, requested by thread 0x00007efcc8168000


---------------  P R O C E S S  ---------------

Java Threads: ( => current thread )
  0x00007efcc816a000 JavaThread "pool-2-thread-4" [_thread_blocked, id=22913, stack(0x00007efcaa205000,0x00007efcaa306000)]
  0x00007efcc8168000 JavaThread "pool-2-thread-3" [_thread_blocked, id=22912, stack(0x00007efcaa306000,0x00007efcaa407000)]
  0x00007efcc8166800 JavaThread "pool-2-thread-2" [_thread_blocked, id=22911, stack(0x00007efcaa407000,0x00007efcaa508000)]
  0x00007efcc8165000 JavaThread "pool-3-thread-1" [_thread_blocked, id=22910, stack(0x00007efcaa508000,0x00007efcaa609000)]
  0x00007efcc8162800 JavaThread "pool-2-thread-1" [_thread_blocked, id=22909, stack(0x00007efcaa609000,0x00007efcaa70a000)]
  0x00007efcc80ba800 JavaThread "Service Thread" daemon [_thread_blocked, id=22907, stack(0x00007efcaa8c4000,0x00007efcaa9c5000)]
  0x00007efcc80b7800 JavaThread "C1 CompilerThread1" daemon [_thread_blocked, id=22906, stack(0x00007efcaa9c5000,0x00007efcaaac6000)]
  0x00007efcc80b4800 JavaThread "C2 CompilerThread0" daemon [_thread_blocked, id=22905, stack(0x00007efcaaac6000,0x00007efcaabc7000)]
  0x00007efcc80b3000 JavaThread "Signal Dispatcher" daemon [_thread_blocked, id=22904, stack(0x00007efcaabc7000,0x00007efcaacc8000)]
  0x00007efcc8080000 JavaThread "Finalizer" daemon [_thread_blocked, id=22903, stack(0x00007efcaaf95000,0x00007efcab096000)]
  0x00007efcc807b800 JavaThread "Reference Handler" daemon [_thread_blocked, id=22902, stack(0x00007efcab096000,0x00007efcab197000)]
  0x00007efcc800a000 JavaThread "main" [_thread_blocked, id=22897, stack(0x00007efccf885000,0x00007efccf986000)]

Other Threads:
=>0x00007efcc8074000 VMThread [stack: 0x00007efcab197000,0x00007efcab298000] [id=22901]
  0x00007efcc80bd800 WatcherThread [stack: 0x00007efcaa7c3000,0x00007efcaa8c4000] [id=22908]

VM state:at safepoint (normal execution)

VM Mutex/Monitor currently owned by a thread:  ([mutex/lock_event])
[0x00007efcc8006590] Threads_lock - owner thread: 0x00007efcc8074000
[0x00007efcc8006a90] Heap_lock - owner thread: 0x00007efcc8168000

Heap:
 PSYoungGen      total 818688K, used 141301K [0x000000076ab00000, 0x00000007a5480000, 0x00000007c0000000)
  eden space 677376K, 0% used [0x000000076ab00000,0x000000076ab00000,0x0000000794080000)
  from space 141312K, 99% used [0x0000000794080000,0x000000079ca7d770,0x000000079ca80000)
  to   space 127488K, 0% used [0x000000079d300000,0x000000079d300000,0x00000007a4f80000)
 ParOldGen       total 470528K, used 355712K [0x00000006c0000000, 0x00000006dcb80000, 0x000000076ab00000)
  object space 470528K, 75% used [0x00000006c0000000,0x00000006d5b603a8,0x00000006dcb80000)
 Metaspace       used 6574K, capacity 7320K, committed 7680K, reserved 1056768K
  class space    used 616K, capacity 656K, committed 768K, reserved 1048576K

Card table byte_map: [0x00007efcb87ff000,0x00007efcb9000000] byte_map_base: 0x00007efcb51ff000

Marking Bits: (ParMarkBitMap*) 0x00007efcced56120
 Begin Bits: [0x00007efcb05fd000, 0x00007efcb45fd000)
 End Bits:   [0x00007efcb45fd000, 0x00007efcb85fd000)

Polling page: 0x00007efccf9a5000

CodeCache: size=245760Kb used=11061Kb max_used=11061Kb free=234698Kb
 bounds [0x00007efcb9000000, 0x00007efcb9ae0000, 0x00007efcc8000000]
 total_blobs=2722 nmethods=2454 adapters=182
 compilation: enabled

Compilation events (10 events):
Event: 16.346 Thread 0x00007efcc80b7800 2672 %     3       com.android.dx.dex.file.AnnotationSetItem::<init> @ 38 (83 bytes)
Event: 16.347 Thread 0x00007efcc80b7800 nmethod 2672% 0x00007efcb9acd310 code [0x00007efcb9acd5a0, 0x00007efcb9ace9e8]
Event: 16.382 Thread 0x00007efcc80b7800 2673 %     3       com.android.dx.cf.code.ExecutionStack::makeInitialized @ 19 (51 bytes)
Event: 16.383 Thread 0x00007efcc80b7800 nmethod 2673% 0x00007efcb9acf510 code [0x00007efcb9acf6c0, 0x00007efcb9acfdd8]
Event: 16.421 Thread 0x00007efcc80b7800 2674       3       com.android.dx.dex.file.ValueEncoder::addContents (75 bytes)
Event: 16.421 Thread 0x00007efcc80b7800 nmethod 2674 0x00007efcb9ad00d0 code [0x00007efcb9ad03a0, 0x00007efcb9ad1a38]
Event: 16.667 Thread 0x00007efcc80b7800 2676       3       com.android.dx.cf.code.ExecutionStack::makeInitialized (51 bytes)
Event: 16.667 Thread 0x00007efcc80b7800 nmethod 2676 0x00007efcb9ad2690 code [0x00007efcb9ad2840, 0x00007efcb9ad2ef8]
Event: 16.682 Thread 0x00007efcc80b7800 2677       2       java.util.HashMap$TreeNode::rotateLeft (91 bytes)
Event: 16.683 Thread 0x00007efcc80b7800 nmethod 2677 0x00007efcb9ad31d0 code [0x00007efcb9ad3340, 0x00007efcb9ad35b0]

GC Heap History (10 events):
Event: 8.463 GC heap after
Heap after GC invocations=11 (full 1):
 PSYoungGen      total 660992K, used 93690K [0x000000076ab00000, 0x000000079f980000, 0x00000007c0000000)
  eden space 567296K, 0% used [0x000000076ab00000,0x000000076ab00000,0x000000078d500000)
  from space 93696K, 99% used [0x0000000795000000,0x000000079ab7e960,0x000000079ab80000)
  to   space 125952K, 0% used [0x000000078d500000,0x000000078d500000,0x0000000795000000)
 ParOldGen       total 162816K, used 162589K [0x00000006c0000000, 0x00000006c9f00000, 0x000000076ab00000)
  object space 162816K, 99% used [0x00000006c0000000,0x00000006c9ec75d0,0x00000006c9f00000)
 Metaspace       used 6535K, capacity 7256K, committed 7424K, reserved 1056768K
  class space    used 615K, capacity 656K, committed 768K, reserved 1048576K
}
Event: 8.463 GC heap before
{Heap before GC invocations=12 (full 2):
 PSYoungGen      total 660992K, used 93690K [0x000000076ab00000, 0x000000079f980000, 0x00000007c0000000)
  eden space 567296K, 0% used [0x000000076ab00000,0x000000076ab00000,0x000000078d500000)
  from space 93696K, 99% used [0x0000000795000000,0x000000079ab7e960,0x000000079ab80000)
  to   space 125952K, 0% used [0x000000078d500000,0x000000078d500000,0x0000000795000000)
 ParOldGen       total 162816K, used 162589K [0x00000006c0000000, 0x00000006c9f00000, 0x000000076ab00000)
  object space 162816K, 99% used [0x00000006c0000000,0x00000006c9ec75d0,0x00000006c9f00000)
 Metaspace       used 6535K, capacity 7256K, committed 7424K, reserved 1056768K
  class space    used 615K, capacity 656K, committed 768K, reserved 1048576K
Event: 9.583 GC heap after
Heap after GC invocations=12 (full 2):
 PSYoungGen      total 660992K, used 86949K [0x000000076ab00000, 0x000000079f980000, 0x00000007c0000000)
  eden space 567296K, 0% used [0x000000076ab00000,0x000000076ab00000,0x000000078d500000)
  from space 93696K, 92% used [0x0000000795000000,0x000000079a4e9640,0x000000079ab80000)
  to   space 125952K, 0% used [0x000000078d500000,0x000000078d500000,0x0000000795000000)
 ParOldGen       total 288256K, used 162369K [0x00000006c0000000, 0x00000006d1980000, 0x000000076ab00000)
  object space 288256K, 56% used [0x00000006c0000000,0x00000006c9e90728,0x00000006d1980000)
 Metaspace       used 6535K, capacity 7256K, committed 7424K, reserved 1056768K
  class space    used 615K, capacity 656K, committed 768K, reserved 1048576K
}
Event: 11.029 GC heap before
{Heap before GC invocations=13 (full 2):
 PSYoungGen      total 660992K, used 654245K [0x000000076ab00000, 0x000000079f980000, 0x00000007c0000000)
  eden space 567296K, 100% used [0x000000076ab00000,0x000000078d500000,0x000000078d500000)
  from space 93696K, 92% used [0x0000000795000000,0x000000079a4e9640,0x000000079ab80000)
  to   space 125952K, 0% used [0x000000078d500000,0x000000078d500000,0x0000000795000000)
 ParOldGen       total 288256K, used 162369K [0x00000006c0000000, 0x00000006d1980000, 0x000000076ab00000)
  object space 288256K, 56% used [0x00000006c0000000,0x00000006c9e90728,0x00000006d1980000)
 Metaspace       used 6568K, capacity 7320K, committed 7680K, reserved 1056768K
  class space    used 616K, capacity 656K, committed 768K, reserved 1048576K
Event: 11.344 GC heap after
Heap after GC invocations=13 (full 2):
 PSYoungGen      total 693248K, used 69367K [0x000000076ab00000, 0x00000007a4f80000, 0x00000007c0000000)
  eden space 567296K, 0% used [0x000000076ab00000,0x000000076ab00000,0x000000078d500000)
  from space 125952K, 55% used [0x000000078d500000,0x00000007918bde10,0x0000000795000000)
  to   space 127488K, 0% used [0x000000079d300000,0x000000079d300000,0x00000007a4f80000)
 ParOldGen       total 288256K, used 248638K [0x00000006c0000000, 0x00000006d1980000, 0x000000076ab00000)
  object space 288256K, 86% used [0x00000006c0000000,0x00000006cf2cfa78,0x00000006d1980000)
 Metaspace       used 6568K, capacity 7320K, committed 7680K, reserved 1056768K
  class space    used 616K, capacity 656K, committed 768K, reserved 1048576K
}
Event: 11.344 GC heap before
{Heap before GC invocations=14 (full 3):
 PSYoungGen      total 693248K, used 69367K [0x000000076ab00000, 0x00000007a4f80000, 0x00000007c0000000)
  eden space 567296K, 0% used [0x000000076ab00000,0x000000076ab00000,0x000000078d500000)
  from space 125952K, 55% used [0x000000078d500000,0x00000007918bde10,0x0000000795000000)
  to   space 127488K, 0% used [0x000000079d300000,0x000000079d300000,0x00000007a4f80000)
 ParOldGen       total 288256K, used 248638K [0x00000006c0000000, 0x00000006d1980000, 0x000000076ab00000)
  object space 288256K, 86% used [0x00000006c0000000,0x00000006cf2cfa78,0x00000006d1980000)
 Metaspace       used 6568K, capacity 7320K, committed 7680K, reserved 1056768K
  class space    used 616K, capacity 656K, committed 768K, reserved 1048576K
Event: 12.536 GC heap after
Heap after GC invocations=14 (full 3):
 PSYoungGen      total 693248K, used 24645K [0x000000076ab00000, 0x00000007a4f80000, 0x00000007c0000000)
  eden space 567296K, 0% used [0x000000076ab00000,0x000000076ab00000,0x000000078d500000)
  from space 125952K, 19% used [0x000000078d500000,0x000000078ed11400,0x0000000795000000)
  to   space 127488K, 0% used [0x000000079d300000,0x000000079d300000,0x00000007a4f80000)
 ParOldGen       total 470528K, used 287745K [0x00000006c0000000, 0x00000006dcb80000, 0x000000076ab00000)
  object space 470528K, 61% used [0x00000006c0000000,0x00000006d1900648,0x00000006dcb80000)
 Metaspace       used 6568K, capacity 7320K, committed 7680K, reserved 1056768K
  class space    used 616K, capacity 656K, committed 768K, reserved 1048576K
}
Event: 14.393 GC heap before
{Heap before GC invocations=15 (full 3):
 PSYoungGen      total 693248K, used 591941K [0x000000076ab00000, 0x00000007a4f80000, 0x00000007c0000000)
  eden space 567296K, 100% used [0x000000076ab00000,0x000000078d500000,0x000000078d500000)
  from space 125952K, 19% used [0x000000078d500000,0x000000078ed11400,0x0000000795000000)
  to   space 127488K, 0% used [0x000000079d300000,0x000000079d300000,0x00000007a4f80000)
 ParOldGen       total 470528K, used 287745K [0x00000006c0000000, 0x00000006dcb80000, 0x000000076ab00000)
  object space 470528K, 61% used [0x00000006c0000000,0x00000006d1900648,0x00000006dcb80000)
 Metaspace       used 6572K, capacity 7320K, committed 7680K, reserved 1056768K
  class space    used 616K, capacity 656K, committed 768K, reserved 1048576K
Event: 14.838 GC heap after
Heap after GC invocations=15 (full 3):
 PSYoungGen      total 804864K, used 105090K [0x000000076ab00000, 0x00000007a5480000, 0x00000007c0000000)
  eden space 677376K, 0% used [0x000000076ab00000,0x000000076ab00000,0x0000000794080000)
  from space 127488K, 82% used [0x000000079d300000,0x00000007a39a0a68,0x00000007a4f80000)
  to   space 141312K, 0% used [0x0000000794080000,0x0000000794080000,0x000000079ca80000)
 ParOldGen       total 470528K, used 287745K [0x00000006c0000000, 0x00000006dcb80000, 0x000000076ab00000)
  object space 470528K, 61% used [0x00000006c0000000,0x00000006d1900648,0x00000006dcb80000)
 Metaspace       used 6572K, capacity 7320K, committed 7680K, reserved 1056768K
  class space    used 616K, capacity 656K, committed 768K, reserved 1048576K
}
Event: 16.921 GC heap before
{Heap before GC invocations=16 (full 3):
 PSYoungGen      total 804864K, used 782466K [0x000000076ab00000, 0x00000007a5480000, 0x00000007c0000000)
  eden space 677376K, 100% used [0x000000076ab00000,0x0000000794080000,0x0000000794080000)
  from space 127488K, 82% used [0x000000079d300000,0x00000007a39a0a68,0x00000007a4f80000)
  to   space 141312K, 0% used [0x0000000794080000,0x0000000794080000,0x000000079ca80000)
 ParOldGen       total 470528K, used 287745K [0x00000006c0000000, 0x00000006dcb80000, 0x000000076ab00000)
  object space 470528K, 61% used [0x00000006c0000000,0x00000006d1900648,0x00000006dcb80000)
 Metaspace       used 6574K, capacity 7320K, committed 7680K, reserved 1056768K
  class space    used 616K, capacity 656K, committed 768K, reserved 1048576K

Deoptimization events (10 events):
Event: 9.930 Thread 0x00007efcc8162800 Uncommon trap: reason=bimorphic action=maybe_recompile pc=0x00007efcb9a18834 method=com.android.dx.cf.code.BytecodeArray.parseInstruction(ILcom/android/dx/cf/code/BytecodeArray$Visitor;)I @ 1549
Event: 10.415 Thread 0x00007efcc8162800 Uncommon trap: reason=bimorphic action=maybe_recompile pc=0x00007efcb9a52994 method=com.android.dx.rop.code.RegisterSpec.withSimpleType()Lcom/android/dx/rop/code/RegisterSpec; @ 21
Event: 10.416 Thread 0x00007efcc8162800 Uncommon trap: reason=bimorphic action=maybe_recompile pc=0x00007efcb9a52994 method=com.android.dx.rop.code.RegisterSpec.withSimpleType()Lcom/android/dx/rop/code/RegisterSpec; @ 21
Event: 10.665 Thread 0x00007efcc8162800 Uncommon trap: reason=bimorphic action=maybe_recompile pc=0x00007efcb9a52994 method=com.android.dx.rop.code.RegisterSpec.withSimpleType()Lcom/android/dx/rop/code/RegisterSpec; @ 21
Event: 10.863 Thread 0x00007efcc816a000 Uncommon trap: reason=bimorphic action=maybe_recompile pc=0x00007efcb9a52994 method=com.android.dx.rop.code.RegisterSpec.withSimpleType()Lcom/android/dx/rop/code/RegisterSpec; @ 21
Event: 13.576 Thread 0x00007efcc800a000 Uncommon trap: reason=unstable_if action=reinterpret pc=0x00007efcb9473f08 method=com.android.dx.rop.code.RegisterSpec.equals(ILcom/android/dx/rop/type/TypeBearer;Lcom/android/dx/rop/code/LocalItem;)Z @ 42
Event: 15.956 Thread 0x00007efcc8162800 Uncommon trap: reason=bimorphic action=maybe_recompile pc=0x00007efcb9a712c0 method=com.android.dx.cf.code.BytecodeArray.parseInstruction(ILcom/android/dx/cf/code/BytecodeArray$Visitor;)I @ 2554
Event: 15.956 Thread 0x00007efcc8162800 Uncommon trap: reason=bimorphic action=maybe_recompile pc=0x00007efcb9a712c0 method=com.android.dx.cf.code.BytecodeArray.parseInstruction(ILcom/android/dx/cf/code/BytecodeArray$Visitor;)I @ 2554
Event: 16.623 Thread 0x00007efcc816a000 Uncommon trap: reason=class_check action=maybe_recompile pc=0x00007efcb9a963a8 method=com.android.dx.ssa.SCCP.simulateBranch(Lcom/android/dx/ssa/SsaInsn;)V @ 339
Event: 16.643 Thread 0x00007efcc816a000 Uncommon trap: reason=class_check action=maybe_recompile pc=0x00007efcb9a963a8 method=com.android.dx.ssa.SCCP.simulateBranch(Lcom/android/dx/ssa/SsaInsn;)V @ 339

Internal exceptions (6 events):
Event: 0.018 Thread 0x00007efcc800a000 Exception <a 'java/lang/NoSuchMethodError': Method sun.misc.Unsafe.defineClass(Ljava/lang/String;[BII)Ljava/lang/Class; name or signature does not match> (0x000000076ab07cc0) thrown at [/HUDSON3/workspace/8-2-build-linux-amd64/jdk8u101/7261/hotspot/src/sh
Event: 0.018 Thread 0x00007efcc800a000 Exception <a 'java/lang/NoSuchMethodError': Method sun.misc.Unsafe.prefetchRead(Ljava/lang/Object;J)V name or signature does not match> (0x000000076ab07fa8) thrown at [/HUDSON3/workspace/8-2-build-linux-amd64/jdk8u101/7261/hotspot/src/share/vm/prims/jni.c
Event: 1.033 Thread 0x00007efcc8162800 Implicit null exception at 0x00007efcb930ec77 to 0x00007efcb93110d9
Event: 1.493 Thread 0x00007efcc8168000 Exception <a 'java/lang/ArrayIndexOutOfBoundsException': 18> (0x000000076c0b0630) thrown at [/HUDSON3/workspace/8-2-build-linux-amd64/jdk8u101/7261/hotspot/src/share/vm/interpreter/interpreterRuntime.cpp, line 366]
Event: 1.493 Thread 0x00007efcc8168000 Exception <a 'java/lang/ArrayIndexOutOfBoundsException': 145> (0x000000076c0b21b0) thrown at [/HUDSON3/workspace/8-2-build-linux-amd64/jdk8u101/7261/hotspot/src/share/vm/interpreter/interpreterRuntime.cpp, line 366]
Event: 1.494 Thread 0x00007efcc8168000 Exception <a 'java/lang/ArrayIndexOutOfBoundsException': 40> (0x000000076c0b3498) thrown at [/HUDSON3/workspace/8-2-build-linux-amd64/jdk8u101/7261/hotspot/src/share/vm/interpreter/interpreterRuntime.cpp, line 366]

Events (10 events):
Event: 16.865 Thread 0x00007efcc800a000 DEOPT UNPACKING pc=0x00007efcb9047233 sp=0x00007efccf983f78 mode 0
Event: 16.867 Thread 0x00007efcc8162800 DEOPT PACKING pc=0x00007efcb93426af sp=0x00007efcaa707db0
Event: 16.867 Thread 0x00007efcc8162800 DEOPT UNPACKING pc=0x00007efcb9047233 sp=0x00007efcaa707b70 mode 0
Event: 16.885 Thread 0x00007efcc800a000 DEOPT PACKING pc=0x00007efcb92f46d9 sp=0x00007efccf983740
Event: 16.885 Thread 0x00007efcc800a000 DEOPT UNPACKING pc=0x00007efcb9047233 sp=0x00007efccf9834d0 mode 0
Event: 16.888 Thread 0x00007efcc8166800 DEOPT PACKING pc=0x00007efcb935a84a sp=0x00007efcaa505e30
Event: 16.888 Thread 0x00007efcc8166800 DEOPT UNPACKING pc=0x00007efcb9047233 sp=0x00007efcaa505c18 mode 0
Event: 16.905 Thread 0x00007efcc8166800 DEOPT PACKING pc=0x00007efcb92f46d9 sp=0x00007efcaa505c00
Event: 16.905 Thread 0x00007efcc8166800 DEOPT UNPACKING pc=0x00007efcb9047233 sp=0x00007efcaa505990 mode 0
Event: 16.917 Executing VM operation: ParallelGCFailedAllocation


Dynamic libraries:
00400000-00401000 r-xp 00000000 08:01 26871996                           /usr/lib/jvm/java-8-oracle/bin/java
00600000-00601000 rw-p 00000000 08:01 26871996                           /usr/lib/jvm/java-8-oracle/bin/java
00b8e000-00bd4000 rw-p 00000000 00:00 0                                  [heap]
6c0000000-6dcb80000 rw-p 00000000 00:00 0 
6dcb80000-76ab00000 ---p 00000000 00:00 0 
76ab00000-7a5480000 rw-p 00000000 00:00 0 
7b8880000-7c0000000 ---p 00000000 00:00 0 
7c0000000-7c00c0000 rw-p 00000000 00:00 0 
7c00c0000-800000000 ---p 00000000 00:00 0 
7efc6c000000-7efc6c03a000 rw-p 00000000 00:00 0 
7efc6c03a000-7efc70000000 ---p 00000000 00:00 0 
7efc74000000-7efc74021000 rw-p 00000000 00:00 0 
7efc74021000-7efc78000000 ---p 00000000 00:00 0 
7efc78000000-7efc78055000 rw-p 00000000 00:00 0 
7efc78055000-7efc7c000000 ---p 00000000 00:00 0 
7efc7c000000-7efc7c021000 rw-p 00000000 00:00 0 
7efc7c021000-7efc80000000 ---p 00000000 00:00 0 
7efc80000000-7efc80041000 rw-p 00000000 00:00 0 
7efc80041000-7efc84000000 ---p 00000000 00:00 0 
7efc84000000-7efc84858000 rw-p 00000000 00:00 0 
7efc84858000-7efc88000000 ---p 00000000 00:00 0 
7efc88000000-7efc88021000 rw-p 00000000 00:00 0 
7efc88021000-7efc8c000000 ---p 00000000 00:00 0 
7efc8c000000-7efc8c021000 rw-p 00000000 00:00 0 
7efc8c021000-7efc90000000 ---p 00000000 00:00 0 
7efc90000000-7efc915b5000 rw-p 00000000 00:00 0 
7efc915b5000-7efc94000000 ---p 00000000 00:00 0 
7efc94000000-7efc94021000 rw-p 00000000 00:00 0 
7efc94021000-7efc98000000 ---p 00000000 00:00 0 
7efc98000000-7efc98021000 rw-p 00000000 00:00 0 
7efc98021000-7efc9c000000 ---p 00000000 00:00 0 
7efc9c000000-7efc9c28e000 rw-p 00000000 00:00 0 
7efc9c28e000-7efca0000000 ---p 00000000 00:00 0 
7efca3800000-7efca3ec0000 rw-p 00000000 00:00 0 
7efca3ec0000-7efca4000000 ---p 00000000 00:00 0 
7efca4000000-7efca4021000 rw-p 00000000 00:00 0 
7efca4021000-7efca8000000 ---p 00000000 00:00 0 
7efcaa205000-7efcaa208000 ---p 00000000 00:00 0 
7efcaa208000-7efcaa306000 rw-p 00000000 00:00 0                          [stack:22913]
7efcaa306000-7efcaa309000 ---p 00000000 00:00 0 
7efcaa309000-7efcaa407000 rw-p 00000000 00:00 0                          [stack:22912]
7efcaa407000-7efcaa40a000 ---p 00000000 00:00 0 
7efcaa40a000-7efcaa508000 rw-p 00000000 00:00 0                          [stack:22911]
7efcaa508000-7efcaa50b000 ---p 00000000 00:00 0 
7efcaa50b000-7efcaa609000 rw-p 00000000 00:00 0                          [stack:22910]
7efcaa609000-7efcaa60c000 ---p 00000000 00:00 0 
7efcaa60c000-7efcaa70a000 rw-p 00000000 00:00 0                          [stack:22909]
7efcaa70a000-7efcaa7c3000 r--s 008f0000 08:01 29754866                   /home/sysadmin/AndroidStudioProjects/Power2SME/app/build/intermediates/transforms/jarMerging/debug/jars/1/1f/combined.jar
7efcaa7c3000-7efcaa7c4000 ---p 00000000 00:00 0 
7efcaa7c4000-7efcaa8c4000 rw-p 00000000 00:00 0                          [stack:22908]
7efcaa8c4000-7efcaa8c7000 ---p 00000000 00:00 0 
7efcaa8c7000-7efcaa9c5000 rw-p 00000000 00:00 0                          [stack:22907]
7efcaa9c5000-7efcaa9c8000 ---p 00000000 00:00 0 
7efcaa9c8000-7efcaaac6000 rw-p 00000000 00:00 0                          [stack:22906]
7efcaaac6000-7efcaaac9000 ---p 00000000 00:00 0 
7efcaaac9000-7efcaabc7000 rw-p 00000000 00:00 0                          [stack:22905]
7efcaabc7000-7efcaabca000 ---p 00000000 00:00 0 
7efcaabca000-7efcaacc8000 rw-p 00000000 00:00 0                          [stack:22904]
7efcaacc8000-7efcaaf95000 r--p 00000000 08:01 25690234                   /usr/lib/locale/locale-archive
7efcaaf95000-7efcaaf98000 ---p 00000000 00:00 0 
7efcaaf98000-7efcab096000 rw-p 00000000 00:00 0                          [stack:22903]
7efcab096000-7efcab099000 ---p 00000000 00:00 0 
7efcab099000-7efcab197000 rw-p 00000000 00:00 0                          [stack:22902]
7efcab197000-7efcab198000 ---p 00000000 00:00 0 
7efcab198000-7efcac000000 rw-p 00000000 00:00 0                          [stack:22901]
7efcac000000-7efcac021000 rw-p 00000000 00:00 0 
7efcac021000-7efcb0000000 ---p 00000000 00:00 0 
7efcb0020000-7efcb0424000 rw-p 00000000 00:00 0 
7efcb0424000-7efcb05fd000 r--s 03d29000 08:01 27407945                   /usr/lib/jvm/java-8-oracle/jre/lib/rt.jar
7efcb05fd000-7efcb85fd000 rw-p 00000000 00:00 0 
7efcb85fd000-7efcb85fe000 ---p 00000000 00:00 0 
7efcb85fe000-7efcb86fe000 rw-p 00000000 00:00 0                          [stack:22900]
7efcb86fe000-7efcb86ff000 ---p 00000000 00:00 0 
7efcb86ff000-7efcb88e5000 rw-p 00000000 00:00 0                          [stack:22899]
7efcb88e5000-7efcb8d54000 ---p 00000000 00:00 0 
7efcb8d54000-7efcb8f2a000 rw-p 00000000 00:00 0 
7efcb8f2a000-7efcb8fff000 ---p 00000000 00:00 0 
7efcb8fff000-7efcb9000000 rw-p 00000000 00:00 0 
7efcb9000000-7efcb9ae0000 rwxp 00000000 00:00 0 
7efcb9ae0000-7efcc8000000 ---p 00000000 00:00 0 
7efcc8000000-7efcc8392000 rw-p 00000000 00:00 0 
7efcc8392000-7efccc000000 ---p 00000000 00:00 0 
7efccc019000-7efccc1c4000 rw-p 00000000 00:00 0 
7efccc1c4000-7efccc634000 ---p 00000000 00:00 0 
7efccc634000-7efccc660000 rw-p 00000000 00:00 0 
7efccc660000-7efccc9f4000 ---p 00000000 00:00 0 
7efccc9f4000-7efccca0e000 r-xp 00000000 08:01 27531318                   /usr/lib/jvm/java-8-oracle/jre/lib/amd64/libzip.so
7efccca0e000-7efcccc0e000 ---p 0001a000 08:01 27531318                   /usr/lib/jvm/java-8-oracle/jre/lib/amd64/libzip.so
7efcccc0e000-7efcccc0f000 rw-p 0001a000 08:01 27531318                   /usr/lib/jvm/java-8-oracle/jre/lib/amd64/libzip.so
7efcccc0f000-7efcccc19000 r-xp 00000000 08:01 13111191                   /lib/x86_64-linux-gnu/libnss_files-2.21.so
7efcccc19000-7efccce19000 ---p 0000a000 08:01 13111191                   /lib/x86_64-linux-gnu/libnss_files-2.21.so
7efccce19000-7efccce1a000 r--p 0000a000 08:01 13111191                   /lib/x86_64-linux-gnu/libnss_files-2.21.so
7efccce1a000-7efccce1b000 rw-p 0000b000 08:01 13111191                   /lib/x86_64-linux-gnu/libnss_files-2.21.so
7efccce1b000-7efccce26000 r-xp 00000000 08:01 13113483                   /lib/x86_64-linux-gnu/libnss_nis-2.21.so
7efccce26000-7efccd025000 ---p 0000b000 08:01 13113483                   /lib/x86_64-linux-gnu/libnss_nis-2.21.so
7efccd025000-7efccd026000 r--p 0000a000 08:01 13113483                   /lib/x86_64-linux-gnu/libnss_nis-2.21.so
7efccd026000-7efccd027000 rw-p 0000b000 08:01 13113483                   /lib/x86_64-linux-gnu/libnss_nis-2.21.so
7efccd027000-7efccd03e000 r-xp 00000000 08:01 13113493                   /lib/x86_64-linux-gnu/libnsl-2.21.so
7efccd03e000-7efccd23d000 ---p 00017000 08:01 13113493                   /lib/x86_64-linux-gnu/libnsl-2.21.so
7efccd23d000-7efccd23e000 r--p 00016000 08:01 13113493                   /lib/x86_64-linux-gnu/libnsl-2.21.so
7efccd23e000-7efccd23f000 rw-p 00017000 08:01 13113493                   /lib/x86_64-linux-gnu/libnsl-2.21.so
7efccd23f000-7efccd241000 rw-p 00000000 00:00 0 
7efccd241000-7efccd249000 r-xp 00000000 08:01 13111335                   /lib/x86_64-linux-gnu/libnss_compat-2.21.so
7efccd249000-7efccd448000 ---p 00008000 08:01 13111335                   /lib/x86_64-linux-gnu/libnss_compat-2.21.so
7efccd448000-7efccd449000 r--p 00007000 08:01 13111335                   /lib/x86_64-linux-gnu/libnss_compat-2.21.so
7efccd449000-7efccd44a000 rw-p 00008000 08:01 13111335                   /lib/x86_64-linux-gnu/libnss_compat-2.21.so
7efccd44a000-7efccd474000 r-xp 00000000 08:01 27531344                   /usr/lib/jvm/java-8-oracle/jre/lib/amd64/libjava.so
7efccd474000-7efccd674000 ---p 0002a000 08:01 27531344                   /usr/lib/jvm/java-8-oracle/jre/lib/amd64/libjava.so
7efccd674000-7efccd676000 rw-p 0002a000 08:01 27531344                   /usr/lib/jvm/java-8-oracle/jre/lib/amd64/libjava.so
7efccd676000-7efccd683000 r-xp 00000000 08:01 27531298                   /usr/lib/jvm/java-8-oracle/jre/lib/amd64/libverify.so
7efccd683000-7efccd883000 ---p 0000d000 08:01 27531298                   /usr/lib/jvm/java-8-oracle/jre/lib/amd64/libverify.so
7efccd883000-7efccd885000 rw-p 0000d000 08:01 27531298                   /usr/lib/jvm/java-8-oracle/jre/lib/amd64/libverify.so
7efccd885000-7efccd88c000 r-xp 00000000 08:01 13111329                   /lib/x86_64-linux-gnu/librt-2.21.so
7efccd88c000-7efccda8b000 ---p 00007000 08:01 13111329                   /lib/x86_64-linux-gnu/librt-2.21.so
7efccda8b000-7efccda8c000 r--p 00006000 08:01 13111329                   /lib/x86_64-linux-gnu/librt-2.21.so
7efccda8c000-7efccda8d000 rw-p 00007000 08:01 13111329                   /lib/x86_64-linux-gnu/librt-2.21.so
7efccda8d000-7efccdb94000 r-xp 00000000 08:01 13111340                   /lib/x86_64-linux-gnu/libm-2.21.so
7efccdb94000-7efccdd93000 ---p 00107000 08:01 13111340                   /lib/x86_64-linux-gnu/libm-2.21.so
7efccdd93000-7efccdd94000 r--p 00106000 08:01 13111340                   /lib/x86_64-linux-gnu/libm-2.21.so
7efccdd94000-7efccdd95000 rw-p 00107000 08:01 13111340                   /lib/x86_64-linux-gnu/libm-2.21.so
7efccdd95000-7efccea60000 r-xp 00000000 08:01 27531348                   /usr/lib/jvm/java-8-oracle/jre/lib/amd64/server/libjvm.so
7efccea60000-7efccec5f000 ---p 00ccb000 08:01 27531348                   /usr/lib/jvm/java-8-oracle/jre/lib/amd64/server/libjvm.so
7efccec5f000-7efcced38000 rw-p 00cca000 08:01 27531348                   /usr/lib/jvm/java-8-oracle/jre/lib/amd64/server/libjvm.so
7efcced38000-7efcced83000 rw-p 00000000 00:00 0 
7efcced83000-7efccef43000 r-xp 00000000 08:01 13113497                   /lib/x86_64-linux-gnu/libc-2.21.so
7efccef43000-7efccf143000 ---p 001c0000 08:01 13113497                   /lib/x86_64-linux-gnu/libc-2.21.so
7efccf143000-7efccf147000 r--p 001c0000 08:01 13113497                   /lib/x86_64-linux-gnu/libc-2.21.so
7efccf147000-7efccf149000 rw-p 001c4000 08:01 13113497                   /lib/x86_64-linux-gnu/libc-2.21.so
7efccf149000-7efccf14d000 rw-p 00000000 00:00 0 
7efccf14d000-7efccf150000 r-xp 00000000 08:01 13111362                   /lib/x86_64-linux-gnu/libdl-2.21.so
7efccf150000-7efccf34f000 ---p 00003000 08:01 13111362                   /lib/x86_64-linux-gnu/libdl-2.21.so
7efccf34f000-7efccf350000 r--p 00002000 08:01 13111362                   /lib/x86_64-linux-gnu/libdl-2.21.so
7efccf350000-7efccf351000 rw-p 00003000 08:01 13111362                   /lib/x86_64-linux-gnu/libdl-2.21.so
7efccf351000-7efccf366000 r-xp 00000000 08:01 26871443                   /usr/lib/jvm/java-8-oracle/lib/amd64/jli/libjli.so
7efccf366000-7efccf566000 ---p 00015000 08:01 26871443                   /usr/lib/jvm/java-8-oracle/lib/amd64/jli/libjli.so
7efccf566000-7efccf567000 rw-p 00015000 08:01 26871443                   /usr/lib/jvm/java-8-oracle/lib/amd64/jli/libjli.so
7efccf567000-7efccf57f000 r-xp 00000000 08:01 13111350                   /lib/x86_64-linux-gnu/libpthread-2.21.so
7efccf57f000-7efccf77f000 ---p 00018000 08:01 13111350                   /lib/x86_64-linux-gnu/libpthread-2.21.so
7efccf77f000-7efccf780000 r--p 00018000 08:01 13111350                   /lib/x86_64-linux-gnu/libpthread-2.21.so
7efccf780000-7efccf781000 rw-p 00019000 08:01 13111350                   /lib/x86_64-linux-gnu/libpthread-2.21.so
7efccf781000-7efccf785000 rw-p 00000000 00:00 0 
7efccf785000-7efccf7a9000 r-xp 00000000 08:01 13113495                   /lib/x86_64-linux-gnu/ld-2.21.so
7efccf7b2000-7efccf885000 rw-p 00000000 00:00 0 
7efccf885000-7efccf888000 ---p 00000000 00:00 0 
7efccf888000-7efccf98a000 rw-p 00000000 00:00 0                          [stack:22897]
7efccf98c000-7efccf98d000 rw-p 00000000 00:00 0 
7efccf98d000-7efccf99c000 r--s 000df000 08:01 19662142                   /home/sysadmin/Android/Sdk/build-tools/23.0.3/lib/dx.jar
7efccf99c000-7efccf9a4000 rw-s 00000000 08:01 918026                     /tmp/hsperfdata_sysadmin/22893
7efccf9a4000-7efccf9a5000 rw-p 00000000 00:00 0 
7efccf9a5000-7efccf9a6000 ---p 00000000 00:00 0 
7efccf9a6000-7efccf9a8000 rw-p 00000000 00:00 0 
7efccf9a8000-7efccf9a9000 r--p 00023000 08:01 13113495                   /lib/x86_64-linux-gnu/ld-2.21.so
7efccf9a9000-7efccf9aa000 rw-p 00024000 08:01 13113495                   /lib/x86_64-linux-gnu/ld-2.21.so
7efccf9aa000-7efccf9ab000 rw-p 00000000 00:00 0 
7ffc98fb0000-7ffc98fd1000 rw-p 00000000 00:00 0                          [stack]
7ffc98ff5000-7ffc98ff7000 r-xp 00000000 00:00 0                          [vdso]
7ffc98ff7000-7ffc98ff9000 r--p 00000000 00:00 0                          [vvar]
ffffffffff600000-ffffffffff601000 r-xp 00000000 00:00 0                  [vsyscall]

VM Arguments:
jvm_args: -Djava.awt.headless=true -Xmx4g -Dfile.encoding=UTF-8 -Duser.country=IN -Duser.language=en -Duser.variant 
java_command: com.android.dx.command.Main --dex --num-threads=4 --multi-dex --main-dex-list /home/sysadmin/AndroidStudioProjects/Power2SME/app/build/intermediates/multi-dex/debug/maindexlist.txt --output /home/sysadmin/AndroidStudioProjects/Power2SME/app/build/intermediates/transforms/dex/debug/folders/1000/1f/main /home/sysadmin/AndroidStudioProjects/Power2SME/app/build/intermediates/transforms/jarMerging/debug/jars/1/1f/combined.jar
java_class_path (initial): /home/sysadmin/Android/Sdk/build-tools/23.0.3/lib/dx.jar
Launcher Type: SUN_STANDARD

Environment Variables:
JAVA_HOME=/usr/lib/jvm/java-8-oracle
PATH=/usr/local/sbin:/usr/local/bin:/usr/sbin:/usr/bin:/sbin:/bin:/usr/games:/usr/local/games:/usr/lib/jvm/java-8-oracle/bin:/usr/lib/jvm/java-8-oracle/db/bin:/usr/lib/jvm/java-8-oracle/jre/bin
SHELL=/bin/bash
DISPLAY=:0

Signal Handlers:
SIGSEGV: [libjvm.so+0xac4790], sa_mask[0]=11111111011111111101111111111110, sa_flags=SA_RESTART|SA_SIGINFO
SIGBUS: [libjvm.so+0xac4790], sa_mask[0]=11111111011111111101111111111110, sa_flags=SA_RESTART|SA_SIGINFO
SIGFPE: [libjvm.so+0x91f140], sa_mask[0]=11111111011111111101111111111110, sa_flags=SA_RESTART|SA_SIGINFO
SIGPIPE: [libjvm.so+0x91f140], sa_mask[0]=11111111011111111101111111111110, sa_flags=SA_RESTART|SA_SIGINFO
SIGXFSZ: [libjvm.so+0x91f140], sa_mask[0]=11111111011111111101111111111110, sa_flags=SA_RESTART|SA_SIGINFO
SIGILL: [libjvm.so+0x91f140], sa_mask[0]=11111111011111111101111111111110, sa_flags=SA_RESTART|SA_SIGINFO
SIGUSR1: SIG_DFL, sa_mask[0]=00000000000000000000000000000000, sa_flags=none
SIGUSR2: [libjvm.so+0x920770], sa_mask[0]=00100000000000000000000000000000, sa_flags=SA_RESTART|SA_SIGINFO
SIGHUP: [libjvm.so+0x921b70], sa_mask[0]=11111111011111111101111111111110, sa_flags=SA_RESTART|SA_SIGINFO
SIGINT: [libjvm.so+0x921b70], sa_mask[0]=11111111011111111101111111111110, sa_flags=SA_RESTART|SA_SIGINFO
SIGTERM: [libjvm.so+0x921b70], sa_mask[0]=11111111011111111101111111111110, sa_flags=SA_RESTART|SA_SIGINFO
SIGQUIT: [libjvm.so+0x921b70], sa_mask[0]=11111111011111111101111111111110, sa_flags=SA_RESTART|SA_SIGINFO


---------------  S Y S T E M  ---------------

OS:DISTRIB_ID=Ubuntu
DISTRIB_RELEASE=15.10
DISTRIB_CODENAME=wily
DISTRIB_DESCRIPTION="Ubuntu 15.10"

uname:Linux 3.16.0-76-generic #98~14.04.1-Ubuntu SMP Fri Jun 24 17:04:54 UTC 2016 x86_64
libc:glibc 2.21 NPTL 2.21 
rlimit: STACK 8192k, CORE 0k, NPROC 31470, NOFILE 65536, AS infinity
load average:3.63 1.46 1.58

/proc/meminfo:
MemTotal:        8088036 kB
MemFree:          120248 kB
MemAvailable:      90840 kB
Buffers:            1696 kB
Cached:           584404 kB
SwapCached:        74952 kB
Active:          6420460 kB
Inactive:        1294808 kB
Active(anon):    6398340 kB
Inactive(anon):  1261384 kB
Active(file):      22120 kB
Inactive(file):    33424 kB
Unevictable:          72 kB
Mlocked:              72 kB
SwapTotal:       2007036 kB
SwapFree:          86420 kB
Dirty:               148 kB
Writeback:             0 kB
AnonPages:       7055324 kB
Mapped:           410124 kB
Shmem:            530428 kB
Slab:              93264 kB
SReclaimable:      54564 kB
SUnreclaim:        38700 kB
KernelStack:       12416 kB
PageTables:        65432 kB
NFS_Unstable:          0 kB
Bounce:                0 kB
WritebackTmp:          0 kB
CommitLimit:     6051052 kB
Committed_AS:   16749996 kB
VmallocTotal:   34359738367 kB
VmallocUsed:      359448 kB
VmallocChunk:   34359317244 kB
HardwareCorrupted:     0 kB
AnonHugePages:   4870144 kB
HugePages_Total:       0
HugePages_Free:        0
HugePages_Rsvd:        0
HugePages_Surp:        0
Hugepagesize:       2048 kB
DirectMap4k:       73092 kB
DirectMap2M:     1935360 kB
DirectMap1G:     6291456 kB


CPU:total 2 (2 cores per cpu, 1 threads per core) family 6 model 60 stepping 3, cmov, cx8, fxsr, mmx, sse, sse2, sse3, ssse3, sse4.1, sse4.2, popcnt, clmul, erms, lzcnt, tsc, tscinvbit

/proc/cpuinfo:
processor	: 0
vendor_id	: GenuineIntel
cpu family	: 6
model		: 60
model name	: Intel(R) Pentium(R) CPU G3240 @ 3.10GHz
stepping	: 3
microcode	: 0x1a
cpu MHz		: 801.035
cache size	: 3072 KB
physical id	: 0
siblings	: 2
core id		: 0
cpu cores	: 2
apicid		: 0
initial apicid	: 0
fpu		: yes
fpu_exception	: yes
cpuid level	: 13
wp		: yes
flags		: fpu vme de pse tsc msr pae mce cx8 apic sep mtrr pge mca cmov pat pse36 clflush dts acpi mmx fxsr sse sse2 ss ht tm pbe syscall nx pdpe1gb rdtscp lm constant_tsc arch_perfmon pebs bts rep_good nopl xtopology nonstop_tsc aperfmperf eagerfpu pni pclmulqdq dtes64 monitor ds_cpl vmx est tm2 ssse3 cx16 xtpr pdcm pcid sse4_1 sse4_2 movbe popcnt tsc_deadline_timer xsave rdrand lahf_lm abm arat epb xsaveopt pln pts dtherm tpr_shadow vnmi flexpriority ept vpid fsgsbase tsc_adjust erms invpcid
bogomips	: 6186.38
clflush size	: 64
cache_alignment	: 64
address sizes	: 39 bits physical, 48 bits virtual
power management:

processor	: 1
vendor_id	: GenuineIntel
cpu family	: 6
model		: 60
model name	: Intel(R) Pentium(R) CPU G3240 @ 3.10GHz
stepping	: 3
microcode	: 0x1a
cpu MHz		: 899.968
cache size	: 3072 KB
physical id	: 0
siblings	: 2
core id		: 1
cpu cores	: 2
apicid		: 2
initial apicid	: 2
fpu		: yes
fpu_exception	: yes
cpuid level	: 13
wp		: yes
flags		: fpu vme de pse tsc msr pae mce cx8 apic sep mtrr pge mca cmov pat pse36 clflush dts acpi mmx fxsr sse sse2 ss ht tm pbe syscall nx pdpe1gb rdtscp lm constant_tsc arch_perfmon pebs bts rep_good nopl xtopology nonstop_tsc aperfmperf eagerfpu pni pclmulqdq dtes64 monitor ds_cpl vmx est tm2 ssse3 cx16 xtpr pdcm pcid sse4_1 sse4_2 movbe popcnt tsc_deadline_timer xsave rdrand lahf_lm abm arat epb xsaveopt pln pts dtherm tpr_shadow vnmi flexpriority ept vpid fsgsbase tsc_adjust erms invpcid
bogomips	: 6186.38
clflush size	: 64
cache_alignment	: 64
address sizes	: 39 bits physical, 48 bits virtual
power management:



Memory: 4k page, physical 8088036k(120248k free), swap 2007036k(86420k free)

vm_info: Java HotSpot(TM) 64-Bit Server VM (25.101-b13) for linux-amd64 JRE (1.8.0_101-b13), built on Jun 22 2016 02:59:44 by "java_re" with gcc 4.3.0 20080428 (Red Hat 4.3.0-8)

time: Fri Oct  7 20:46:08 2016
elapsed time: 29 seconds (0d 0h 0m 29s)

